#
# There is insufficient memory for the Java Runtime Environment to continue.
# Native memory allocation (mmap) failed to map 484442112 bytes for G1 virtual space
# Possible reasons:
#   The system is out of physical RAM or swap space
#   The process is running with CompressedOops enabled, and the Java Heap may be blocking the growth of the native heap
# Possible solutions:
#   Reduce memory load on the system
#   Increase physical memory or swap space
#   Check if swap backing store is full
#   Decrease Java heap size (-Xmx/-Xms)
#   Decrease number of Java threads
#   Decrease Java thread stack sizes (-Xss)
#   Set larger code cache with -XX:ReservedCodeCacheSize=
#   JVM is running with Unscaled Compressed Oops mode in which the Java heap is
#     placed in the first 4GB address space. The Java Heap base address is the
#     maximum limit for the native heap growth. Please use -XX:HeapBaseMinAddress
#     to set the Java Heap base and to place the Java Heap above 4GB virtual address.
# This output file may be truncated or incomplete.
#
#  Out of Memory Error (os_windows.cpp:3617), pid=5776, tid=30296
#
# JRE version: OpenJDK Runtime Environment Temurin-17.0.8.1+1 (17.0.8.1+1) (build 17.0.8.1+1)
# Java VM: OpenJDK 64-Bit Server VM Temurin-17.0.8.1+1 (17.0.8.1+1, mixed mode, emulated-client, tiered, compressed oops, compressed class ptrs, g1 gc, windows-amd64)
# No core dump will be written. Minidumps are not enabled by default on client versions of Windows
#

---------------  S U M M A R Y ------------

Command Line: -Dcom.sun.management.jmxremote -Dcom.sun.management.jmxremote.port=50083 -Dcom.sun.management.jmxremote.authenticate=false -Dcom.sun.management.jmxremote.ssl=false -Djava.rmi.server.hostname=localhost -Dspring.jmx.enabled=true -Dmanagement.endpoints.jmx.exposure.include=* -Dspring.application.admin.enabled=true -XX:TieredStopAtLevel=1 -Dspring.boot.project.name=ewrs -Dfile.encoding=UTF-8 -Dstdout.encoding=UTF-8 -Dstderr.encoding=UTF-8 -XX:+ShowCodeDetailsInExceptionMessages app.ewarehouse.EwarehouseApplication --spring.output.ansi.enabled=always

Host: 12th Gen Intel(R) Core(TM) i5-1235U, 12 cores, 7G,  Windows 11 , 64 bit Build 22621 (10.0.22621.3527)
Time: Thu Jul 18 11:10:47 2024 E. Africa Standard Time elapsed time: 56558.840920 seconds (0d 15h 42m 38s)

---------------  T H R E A D  ---------------

Current thread (0x00000213c7742de0):  VMThread "VM Thread" [stack: 0x00000041f8400000,0x00000041f8500000] [id=30296]

Stack: [0x00000041f8400000,0x00000041f8500000]
Native frames: (J=compiled Java code, j=interpreted, Vv=VM code, C=native code)
V  [jvm.dll+0x678b0a]
V  [jvm.dll+0x835e84]
V  [jvm.dll+0x83762e]
V  [jvm.dll+0x837c93]
V  [jvm.dll+0x24746f]
V  [jvm.dll+0x675859]
V  [jvm.dll+0x66a0ea]
V  [jvm.dll+0x306c7b]
V  [jvm.dll+0x30e166]
V  [jvm.dll+0x35dd3e]
V  [jvm.dll+0x35df6f]
V  [jvm.dll+0x2ddb48]
V  [jvm.dll+0x2dbd0c]
V  [jvm.dll+0x2db2dc]
V  [jvm.dll+0x31f18b]
V  [jvm.dll+0x83c15b]
V  [jvm.dll+0x83ce94]
V  [jvm.dll+0x83d3ac]
V  [jvm.dll+0x83d784]
V  [jvm.dll+0x83d850]
V  [jvm.dll+0x7e64ca]
V  [jvm.dll+0x677955]
C  [ucrtbase.dll+0x29333]
C  [KERNEL32.DLL+0x1257d]
C  [ntdll.dll+0x5aa48]

VM_Operation (0x00000041f8ef9fb0): G1CollectForAllocation, mode: safepoint, requested by thread 0x00000213ce626cf0


---------------  P R O C E S S  ---------------

Threads class SMR info:
_java_thread_list=0x00000213d3be1bb0, length=31, elements={
0x00000213c774a4b0, 0x00000213c774b040, 0x00000213c776d2a0, 0x00000213c776de30,
0x00000213c776e700, 0x00000213c77ad7d0, 0x00000213c77b00b0, 0x00000213c77b09c0,
0x00000213c78d1d30, 0x00000213c79c5100, 0x00000213cc52b010, 0x00000213cc523090,
0x00000213cc533320, 0x00000213ccb2bdd0, 0x00000213ccb2d720, 0x00000213ce627710,
0x00000213ce624e90, 0x00000213ce6179e0, 0x00000213ce62b8e0, 0x00000213ce62b3d0,
0x00000213ce6267e0, 0x00000213ce625dc0, 0x00000213ce626cf0, 0x00000213ce627c20,
0x00000213ce628130, 0x00000213ce629a80, 0x00000213ce6253a0, 0x00000213ce628640,
0x00000213ce9715b0, 0x00000213ce9705c0, 0x00000213ce970070
}

Java Threads: ( => current thread )
  0x00000213c774a4b0 JavaThread "Reference Handler" daemon [_thread_blocked, id=32196, stack(0x00000041f8500000,0x00000041f8600000)]
  0x00000213c774b040 JavaThread "Finalizer" daemon [_thread_blocked, id=9712, stack(0x00000041f8600000,0x00000041f8700000)]
  0x00000213c776d2a0 JavaThread "Signal Dispatcher" daemon [_thread_blocked, id=6896, stack(0x00000041f8700000,0x00000041f8800000)]
  0x00000213c776de30 JavaThread "Attach Listener" daemon [_thread_blocked, id=4044, stack(0x00000041f8800000,0x00000041f8900000)]
  0x00000213c776e700 JavaThread "Service Thread" daemon [_thread_blocked, id=33124, stack(0x00000041f8900000,0x00000041f8a00000)]
  0x00000213c77ad7d0 JavaThread "Monitor Deflation Thread" daemon [_thread_blocked, id=31580, stack(0x00000041f8a00000,0x00000041f8b00000)]
  0x00000213c77b00b0 JavaThread "C1 CompilerThread0" daemon [_thread_blocked, id=22208, stack(0x00000041f8b00000,0x00000041f8c00000)]
  0x00000213c77b09c0 JavaThread "Sweeper thread" daemon [_thread_blocked, id=26368, stack(0x00000041f8c00000,0x00000041f8d00000)]
  0x00000213c78d1d30 JavaThread "Common-Cleaner" daemon [_thread_blocked, id=32156, stack(0x00000041f8d00000,0x00000041f8e00000)]
  0x00000213c79c5100 JavaThread "Notification Thread" daemon [_thread_blocked, id=17840, stack(0x00000041f9100000,0x00000041f9200000)]
  0x00000213cc52b010 JavaThread "RMI TCP Accept-0" daemon [_thread_in_native, id=29452, stack(0x00000041f9200000,0x00000041f9300000)]
  0x00000213cc523090 JavaThread "RMI TCP Accept-50083" daemon [_thread_in_native, id=8132, stack(0x00000041f9300000,0x00000041f9400000)]
  0x00000213cc533320 JavaThread "RMI TCP Accept-0" daemon [_thread_in_native, id=32956, stack(0x00000041f9400000,0x00000041f9500000)]
  0x00000213ccb2bdd0 JavaThread "RMI Scheduler(0)" daemon [_thread_blocked, id=28924, stack(0x00000041fa100000,0x00000041fa200000)]
  0x00000213ccb2d720 JavaThread "mysql-cj-abandoned-connection-cleanup" daemon [_thread_blocked, id=27984, stack(0x00000041fab00000,0x00000041fac00000)]
  0x00000213ce627710 JavaThread "Live Reload Server" daemon [_thread_in_native, id=32408, stack(0x00000041fb300000,0x00000041fb400000)]
  0x00000213ce624e90 JavaThread "DestroyJavaVM" [_thread_blocked, id=23448, stack(0x00000041f7e00000,0x00000041f7f00000)]
  0x00000213ce6179e0 JavaThread "RMI TCP Connection(idle)" daemon [_thread_blocked, id=20908, stack(0x00000041f7c00000,0x00000041f7d00000)]
  0x00000213ce62b8e0 JavaThread "JMX server connection timeout 95" daemon [_thread_blocked, id=4456, stack(0x00000041f9e00000,0x00000041f9f00000)]
  0x00000213ce62b3d0 JavaThread "Thread-7" [_thread_blocked, id=18124, stack(0x00000041f7b00000,0x00000041f7c00000)]
  0x00000213ce6267e0 JavaThread "File Watcher" daemon [_thread_blocked, id=11560, stack(0x00000041f7d00000,0x00000041f7e00000)]
  0x00000213ce625dc0 JavaThread "File Watcher" daemon [_thread_blocked, id=19972, stack(0x00000041f9f00000,0x00000041fa000000)]
  0x00000213ce626cf0 JavaThread "restartedMain" [_thread_blocked, id=31728, stack(0x00000041f8e00000,0x00000041f8f00000)]
  0x00000213ce627c20 JavaThread "Catalina-utility-1" [_thread_blocked, id=18620, stack(0x00000041fa000000,0x00000041fa100000)]
  0x00000213ce628130 JavaThread "Catalina-utility-2" [_thread_blocked, id=31792, stack(0x00000041fa200000,0x00000041fa300000)]
  0x00000213ce629a80 JavaThread "container-2" [_thread_blocked, id=30052, stack(0x00000041fa300000,0x00000041fa400000)]
  0x00000213ce6253a0 JavaThread "HikariPool-5 housekeeper" daemon [_thread_blocked, id=32796, stack(0x00000041f8f00000,0x00000041f9000000)]
  0x00000213ce628640 JavaThread "HikariPool-5 connection adder" daemon [_thread_in_native, id=5092, stack(0x00000041f9000000,0x00000041f9100000)]
  0x00000213ce9715b0 JavaThread "C1 CompilerThread1" daemon [_thread_blocked, id=18756, stack(0x00000041fa500000,0x00000041fa600000)]
  0x00000213ce9705c0 JavaThread "C1 CompilerThread2" daemon [_thread_blocked, id=17244, stack(0x00000041fa900000,0x00000041faa00000)]
  0x00000213ce970070 JavaThread "C1 CompilerThread3" daemon [_thread_blocked, id=33320, stack(0x00000041faa00000,0x00000041fab00000)]

Other Threads:
=>0x00000213c7742de0 VMThread "VM Thread" [stack: 0x00000041f8400000,0x00000041f8500000] [id=30296]
  0x00000213b977a510 WatcherThread [stack: 0x00000041f9500000,0x00000041f9600000] [id=18852]
  0x00000213b97d54e0 GCTaskThread "GC Thread#0" [stack: 0x00000041f7f00000,0x00000041f8000000] [id=31192]
  0x00000213cc6c7ef0 GCTaskThread "GC Thread#1" [stack: 0x00000041f9600000,0x00000041f9700000] [id=13496]
  0x00000213cc6f61a0 GCTaskThread "GC Thread#2" [stack: 0x00000041f9700000,0x00000041f9800000] [id=31644]
  0x00000213cca1bbd0 GCTaskThread "GC Thread#3" [stack: 0x00000041f9800000,0x00000041f9900000] [id=20180]
  0x00000213cc7fe830 GCTaskThread "GC Thread#4" [stack: 0x00000041f9900000,0x00000041f9a00000] [id=31116]
  0x00000213cc7feaf0 GCTaskThread "GC Thread#5" [stack: 0x00000041f9a00000,0x00000041f9b00000] [id=19984]
  0x00000213cca1be90 GCTaskThread "GC Thread#6" [stack: 0x00000041f9b00000,0x00000041f9c00000] [id=1656]
  0x00000213cca1c150 GCTaskThread "GC Thread#7" [stack: 0x00000041f9c00000,0x00000041f9d00000] [id=28908]
  0x00000213ccb3eec0 GCTaskThread "GC Thread#8" [stack: 0x00000041fa400000,0x00000041fa500000] [id=27348]
  0x00000213ccd3d100 GCTaskThread "GC Thread#9" [stack: 0x00000041fa600000,0x00000041fa700000] [id=4656]
  0x00000213b97e5fa0 ConcurrentGCThread "G1 Main Marker" [stack: 0x00000041f8000000,0x00000041f8100000] [id=26852]
  0x00000213b97e68c0 ConcurrentGCThread "G1 Conc#0" [stack: 0x00000041f8100000,0x00000041f8200000] [id=12088]
  0x00000213ccc4b330 ConcurrentGCThread "G1 Conc#1" [stack: 0x00000041fa700000,0x00000041fa800000] [id=33428]
  0x00000213ccc74830 ConcurrentGCThread "G1 Conc#2" [stack: 0x00000041fa800000,0x00000041fa900000] [id=30024]
  0x00000213c748c280 ConcurrentGCThread "G1 Refine#0" [stack: 0x00000041f8200000,0x00000041f8300000] [id=276]
  0x00000213cc6e2010 ConcurrentGCThread "G1 Refine#1" [stack: 0x00000041f9d00000,0x00000041f9e00000] [id=5716]
  0x00000213d315cc80 ConcurrentGCThread "G1 Refine#2" [stack: 0x00000041faf00000,0x00000041fb000000] [id=20296]
  0x00000213d315c6a0 ConcurrentGCThread "G1 Refine#3" [stack: 0x00000041fb000000,0x00000041fb100000] [id=31748]
  0x00000213c748cbc0 ConcurrentGCThread "G1 Service" [stack: 0x00000041f8300000,0x00000041f8400000] [id=33308]

Threads with active compile tasks:

VM state: at safepoint (normal execution)

VM Mutex/Monitor currently owned by a thread:  ([mutex/lock_event])
[0x00000213b97744d0] Threads_lock - owner thread: 0x00000213c7742de0
[0x00000213b9773e10] Heap_lock - owner thread: 0x00000213ce626cf0

Heap address: 0x0000000085a00000, size: 1958 MB, Compressed Oops mode: 32-bit

CDS archive(s) not mapped
Compressed class space mapped at: 0x0000000100000000-0x0000000140000000, reserved size: 1073741824
Narrow klass base: 0x0000000000000000, Narrow klass shift: 3, Narrow klass range: 0x140000000

GC Precious Log:
 CPUs: 12 total, 12 available
 Memory: 7824M
 Large Page Support: Disabled
 NUMA Support: Disabled
 Compressed Oops: Enabled (32-bit)
 Heap Region Size: 1M
 Heap Min Capacity: 8M
 Heap Initial Capacity: 124M
 Heap Max Capacity: 1958M
 Pre-touch: Disabled
 Parallel Workers: 10
 Concurrent Workers: 3
 Concurrent Refinement Workers: 10
 Periodic GC: Disabled

Heap:
 garbage-first heap   total 236544K, used 95185K [0x0000000085a00000, 0x0000000100000000)
  region size 1024K, 1 young (1024K), 1 survivors (1024K)
 Metaspace       used 101479K, committed 102208K, reserved 1179648K
  class space    used 13420K, committed 13760K, reserved 1048576K

Heap Regions: E=young(eden), S=young(survivor), O=old, HS=humongous(starts), HC=humongous(continues), CS=collection set, F=free, OA=open archive, CA=closed archive, TAMS=top-at-mark-start (previous, next)
|   0|0x0000000085a00000, 0x0000000085afffe0, 0x0000000085b00000| 99%| O|  |TAMS 0x0000000085afffe0, 0x0000000085a00000| Untracked 
|   1|0x0000000085b00000, 0x0000000085c00000, 0x0000000085c00000|100%|HS|  |TAMS 0x0000000085c00000, 0x0000000085b00000| Complete 
|   2|0x0000000085c00000, 0x0000000085cffa10, 0x0000000085d00000| 99%| O|  |TAMS 0x0000000085cffa10, 0x0000000085c00000| Untracked 
|   3|0x0000000085d00000, 0x0000000085dff600, 0x0000000085e00000| 99%| O|  |TAMS 0x0000000085dff600, 0x0000000085d00000| Untracked 
|   4|0x0000000085e00000, 0x0000000085ef63d8, 0x0000000085f00000| 96%| O|  |TAMS 0x0000000085ef63d8, 0x0000000085e00000| Untracked 
|   5|0x0000000085f00000, 0x0000000086000000, 0x0000000086000000|100%| O|  |TAMS 0x0000000086000000, 0x0000000085f00000| Untracked 
|   6|0x0000000086000000, 0x0000000086100000, 0x0000000086100000|100%| O|  |TAMS 0x0000000086100000, 0x0000000086000000| Untracked 
|   7|0x0000000086100000, 0x0000000086200000, 0x0000000086200000|100%| O|  |TAMS 0x0000000086200000, 0x0000000086100000| Untracked 
|   8|0x0000000086200000, 0x0000000086300000, 0x0000000086300000|100%| O|  |TAMS 0x0000000086300000, 0x0000000086200000| Untracked 
|   9|0x0000000086300000, 0x00000000863ffff0, 0x0000000086400000| 99%| O|  |TAMS 0x00000000863ffff0, 0x0000000086300000| Untracked 
|  10|0x0000000086400000, 0x00000000864fffe0, 0x0000000086500000| 99%| O|  |TAMS 0x00000000864fffe0, 0x0000000086400000| Untracked 
|  11|0x0000000086500000, 0x0000000086600000, 0x0000000086600000|100%| O|  |TAMS 0x0000000086600000, 0x0000000086500000| Untracked 
|  12|0x0000000086600000, 0x00000000866fffe8, 0x0000000086700000| 99%| O|  |TAMS 0x00000000866fffe8, 0x0000000086600000| Untracked 
|  13|0x0000000086700000, 0x00000000867fffe0, 0x0000000086800000| 99%| O|  |TAMS 0x00000000867fffe0, 0x0000000086700000| Untracked 
|  14|0x0000000086800000, 0x00000000868ffff8, 0x0000000086900000| 99%| O|  |TAMS 0x00000000868ffff8, 0x0000000086800000| Untracked 
|  15|0x0000000086900000, 0x00000000869fffd0, 0x0000000086a00000| 99%| O|  |TAMS 0x00000000869fffd0, 0x0000000086900000| Untracked 
|  16|0x0000000086a00000, 0x0000000086affd58, 0x0000000086b00000| 99%| O|  |TAMS 0x0000000086affd58, 0x0000000086a00000| Untracked 
|  17|0x0000000086b00000, 0x0000000086bffbd0, 0x0000000086c00000| 99%| O|  |TAMS 0x0000000086bffbd0, 0x0000000086b00000| Untracked 
|  18|0x0000000086c00000, 0x0000000086cfffe8, 0x0000000086d00000| 99%| O|  |TAMS 0x0000000086cfffe8, 0x0000000086c00000| Untracked 
|  19|0x0000000086d00000, 0x0000000086e00000, 0x0000000086e00000|100%| O|  |TAMS 0x0000000086e00000, 0x0000000086d00000| Untracked 
|  20|0x0000000086e00000, 0x0000000086effff8, 0x0000000086f00000| 99%| O|  |TAMS 0x0000000086effff8, 0x0000000086e00000| Untracked 
|  21|0x0000000086f00000, 0x0000000086ffffe8, 0x0000000087000000| 99%| O|  |TAMS 0x0000000086ffffe8, 0x0000000086f00000| Untracked 
|  22|0x0000000087000000, 0x00000000870ffff0, 0x0000000087100000| 99%| O|  |TAMS 0x00000000870ffff0, 0x0000000087000000| Untracked 
|  23|0x0000000087100000, 0x00000000871fffe8, 0x0000000087200000| 99%| O|  |TAMS 0x00000000871fffe8, 0x0000000087100000| Untracked 
|  24|0x0000000087200000, 0x00000000872ffff0, 0x0000000087300000| 99%| O|  |TAMS 0x00000000872ffff0, 0x0000000087200000| Untracked 
|  25|0x0000000087300000, 0x00000000873ffff8, 0x0000000087400000| 99%| O|  |TAMS 0x00000000873ffff8, 0x0000000087300000| Untracked 
|  26|0x0000000087400000, 0x00000000874fffc8, 0x0000000087500000| 99%| O|  |TAMS 0x00000000874fffc8, 0x0000000087400000| Untracked 
|  27|0x0000000087500000, 0x0000000087600000, 0x0000000087600000|100%| O|  |TAMS 0x0000000087600000, 0x0000000087500000| Untracked 
|  28|0x0000000087600000, 0x00000000876ffff0, 0x0000000087700000| 99%| O|  |TAMS 0x00000000876ffff0, 0x0000000087600000| Untracked 
|  29|0x0000000087700000, 0x00000000877ffff8, 0x0000000087800000| 99%| O|  |TAMS 0x00000000877ffff8, 0x0000000087700000| Untracked 
|  30|0x0000000087800000, 0x0000000087900000, 0x0000000087900000|100%| O|  |TAMS 0x0000000087900000, 0x0000000087800000| Untracked 
|  31|0x0000000087900000, 0x00000000879ffff0, 0x0000000087a00000| 99%| O|  |TAMS 0x00000000879ffff0, 0x0000000087900000| Untracked 
|  32|0x0000000087a00000, 0x0000000087b00000, 0x0000000087b00000|100%| O|  |TAMS 0x0000000087b00000, 0x0000000087a00000| Untracked 
|  33|0x0000000087b00000, 0x0000000087c00000, 0x0000000087c00000|100%| O|  |TAMS 0x0000000087c00000, 0x0000000087b00000| Untracked 
|  34|0x0000000087c00000, 0x0000000087d00000, 0x0000000087d00000|100%| O|  |TAMS 0x0000000087d00000, 0x0000000087c00000| Untracked 
|  35|0x0000000087d00000, 0x0000000087dff6d0, 0x0000000087e00000| 99%| O|  |TAMS 0x0000000087dff6d0, 0x0000000087d00000| Untracked 
|  36|0x0000000087e00000, 0x0000000087f00000, 0x0000000087f00000|100%| O|  |TAMS 0x0000000087f00000, 0x0000000087e00000| Untracked 
|  37|0x0000000087f00000, 0x0000000087fffff0, 0x0000000088000000| 99%| O|  |TAMS 0x0000000087fffff0, 0x0000000087f00000| Untracked 
|  38|0x0000000088000000, 0x00000000880fffa8, 0x0000000088100000| 99%| O|  |TAMS 0x00000000880fffa8, 0x0000000088000000| Untracked 
|  39|0x0000000088100000, 0x00000000881fffb8, 0x0000000088200000| 99%| O|  |TAMS 0x00000000881fffb8, 0x0000000088100000| Untracked 
|  40|0x0000000088200000, 0x00000000882fffc8, 0x0000000088300000| 99%| O|  |TAMS 0x00000000882fffc8, 0x0000000088200000| Untracked 
|  41|0x0000000088300000, 0x0000000088400000, 0x0000000088400000|100%| O|  |TAMS 0x0000000088400000, 0x0000000088300000| Untracked 
|  42|0x0000000088400000, 0x0000000088500000, 0x0000000088500000|100%| O|  |TAMS 0x0000000088500000, 0x0000000088400000| Untracked 
|  43|0x0000000088500000, 0x00000000885ffff8, 0x0000000088600000| 99%| O|  |TAMS 0x00000000885ffff8, 0x0000000088500000| Untracked 
|  44|0x0000000088600000, 0x0000000088686518, 0x0000000088700000| 52%| O|  |TAMS 0x0000000088686518, 0x0000000088600000| Untracked 
|  45|0x0000000088700000, 0x0000000088800000, 0x0000000088800000|100%| O|  |TAMS 0x0000000088800000, 0x0000000088700000| Untracked 
|  46|0x0000000088800000, 0x00000000888ffff8, 0x0000000088900000| 99%| O|  |TAMS 0x00000000888ffff8, 0x0000000088800000| Untracked 
|  47|0x0000000088900000, 0x0000000088a00000, 0x0000000088a00000|100%| O|  |TAMS 0x0000000088a00000, 0x0000000088900000| Untracked 
|  48|0x0000000088a00000, 0x0000000088b00000, 0x0000000088b00000|100%| O|  |TAMS 0x0000000088b00000, 0x0000000088a00000| Untracked 
|  49|0x0000000088b00000, 0x0000000088bffff0, 0x0000000088c00000| 99%| O|  |TAMS 0x0000000088bffff0, 0x0000000088b00000| Untracked 
|  50|0x0000000088c00000, 0x0000000088cb6540, 0x0000000088d00000| 71%| O|  |TAMS 0x0000000088cb6540, 0x0000000088c00000| Untracked 
|  51|0x0000000088d00000, 0x0000000088d89328, 0x0000000088e00000| 53%| O|  |TAMS 0x0000000088d89328, 0x0000000088d00000| Untracked 
|  52|0x0000000088e00000, 0x0000000088effff8, 0x0000000088f00000| 99%| O|  |TAMS 0x0000000088effff8, 0x0000000088e00000| Untracked 
|  53|0x0000000088f00000, 0x0000000089000000, 0x0000000089000000|100%| O|  |TAMS 0x0000000089000000, 0x0000000088f00000| Untracked 
|  54|0x0000000089000000, 0x0000000089100000, 0x0000000089100000|100%| O|  |TAMS 0x0000000089100000, 0x0000000089000000| Untracked 
|  55|0x0000000089100000, 0x0000000089200000, 0x0000000089200000|100%| O|  |TAMS 0x0000000089200000, 0x0000000089100000| Untracked 
|  56|0x0000000089200000, 0x000000008928ff68, 0x0000000089300000| 56%| O|  |TAMS 0x000000008928ff68, 0x0000000089200000| Untracked 
|  57|0x0000000089300000, 0x0000000089400000, 0x0000000089400000|100%| O|  |TAMS 0x0000000089400000, 0x0000000089300000| Untracked 
|  58|0x0000000089400000, 0x0000000089500000, 0x0000000089500000|100%| O|  |TAMS 0x0000000089500000, 0x0000000089400000| Untracked 
|  59|0x0000000089500000, 0x0000000089600000, 0x0000000089600000|100%| O|  |TAMS 0x0000000089600000, 0x0000000089500000| Untracked 
|  60|0x0000000089600000, 0x0000000089700000, 0x0000000089700000|100%| O|  |TAMS 0x0000000089700000, 0x0000000089600000| Untracked 
|  61|0x0000000089700000, 0x0000000089800000, 0x0000000089800000|100%| O|  |TAMS 0x0000000089800000, 0x0000000089700000| Untracked 
|  62|0x0000000089800000, 0x0000000089900000, 0x0000000089900000|100%| O|  |TAMS 0x0000000089900000, 0x0000000089800000| Untracked 
|  63|0x0000000089900000, 0x0000000089a00000, 0x0000000089a00000|100%| O|  |TAMS 0x0000000089a00000, 0x0000000089900000| Untracked 
|  64|0x0000000089a00000, 0x0000000089b00000, 0x0000000089b00000|100%| O|  |TAMS 0x0000000089b00000, 0x0000000089a00000| Untracked 
|  65|0x0000000089b00000, 0x0000000089c00000, 0x0000000089c00000|100%| O|  |TAMS 0x0000000089c00000, 0x0000000089b00000| Untracked 
|  66|0x0000000089c00000, 0x0000000089d00000, 0x0000000089d00000|100%| O|  |TAMS 0x0000000089d00000, 0x0000000089c00000| Untracked 
|  67|0x0000000089d00000, 0x0000000089e00000, 0x0000000089e00000|100%| O|  |TAMS 0x0000000089e00000, 0x0000000089d00000| Untracked 
|  68|0x0000000089e00000, 0x0000000089f00000, 0x0000000089f00000|100%| O|  |TAMS 0x0000000089f00000, 0x0000000089e00000| Untracked 
|  69|0x0000000089f00000, 0x000000008a000000, 0x000000008a000000|100%| O|  |TAMS 0x000000008a000000, 0x0000000089f00000| Untracked 
|  70|0x000000008a000000, 0x000000008a100000, 0x000000008a100000|100%| O|  |TAMS 0x000000008a100000, 0x000000008a000000| Untracked 
|  71|0x000000008a100000, 0x000000008a200000, 0x000000008a200000|100%| O|  |TAMS 0x000000008a200000, 0x000000008a100000| Untracked 
|  72|0x000000008a200000, 0x000000008a300000, 0x000000008a300000|100%| O|  |TAMS 0x000000008a300000, 0x000000008a200000| Untracked 
|  73|0x000000008a300000, 0x000000008a400000, 0x000000008a400000|100%| O|  |TAMS 0x000000008a300000, 0x000000008a300000| Untracked 
|  74|0x000000008a400000, 0x000000008a500000, 0x000000008a500000|100%| O|  |TAMS 0x000000008a500000, 0x000000008a400000| Untracked 
|  75|0x000000008a500000, 0x000000008a600000, 0x000000008a600000|100%| O|  |TAMS 0x000000008a600000, 0x000000008a500000| Untracked 
|  76|0x000000008a600000, 0x000000008a700000, 0x000000008a700000|100%| O|  |TAMS 0x000000008a600000, 0x000000008a600000| Untracked 
|  77|0x000000008a700000, 0x000000008a700000, 0x000000008a800000|  0%| F|  |TAMS 0x000000008a700000, 0x000000008a700000| Untracked 
|  78|0x000000008a800000, 0x000000008a900000, 0x000000008a900000|100%| O|  |TAMS 0x000000008a800000, 0x000000008a800000| Untracked 
|  79|0x000000008a900000, 0x000000008aa00000, 0x000000008aa00000|100%| O|  |TAMS 0x000000008aa00000, 0x000000008a900000| Untracked 
|  80|0x000000008aa00000, 0x000000008ab00000, 0x000000008ab00000|100%| O|  |TAMS 0x000000008ab00000, 0x000000008aa00000| Untracked 
|  81|0x000000008ab00000, 0x000000008ac00000, 0x000000008ac00000|100%| O|  |TAMS 0x000000008ac00000, 0x000000008ab00000| Untracked 
|  82|0x000000008ac00000, 0x000000008ad00000, 0x000000008ad00000|100%| O|  |TAMS 0x000000008ad00000, 0x000000008ac00000| Untracked 
|  83|0x000000008ad00000, 0x000000008ad00000, 0x000000008ae00000|  0%| F|  |TAMS 0x000000008ad00000, 0x000000008ad00000| Untracked 
|  84|0x000000008ae00000, 0x000000008ae00000, 0x000000008af00000|  0%| F|  |TAMS 0x000000008ae00000, 0x000000008ae00000| Untracked 
|  85|0x000000008af00000, 0x000000008b000000, 0x000000008b000000|100%| O|  |TAMS 0x000000008af00000, 0x000000008af00000| Untracked 
|  86|0x000000008b000000, 0x000000008b100000, 0x000000008b100000|100%| O|  |TAMS 0x000000008b000000, 0x000000008b000000| Untracked 
|  87|0x000000008b100000, 0x000000008b200000, 0x000000008b200000|100%| O|  |TAMS 0x000000008b100000, 0x000000008b100000| Untracked 
|  88|0x000000008b200000, 0x000000008b300000, 0x000000008b300000|100%| O|  |TAMS 0x000000008b300000, 0x000000008b200000| Untracked 
|  89|0x000000008b300000, 0x000000008b400000, 0x000000008b400000|100%| O|  |TAMS 0x000000008b400000, 0x000000008b300000| Untracked 
|  90|0x000000008b400000, 0x000000008b500000, 0x000000008b500000|100%| O|  |TAMS 0x000000008b500000, 0x000000008b400000| Untracked 
|  91|0x000000008b500000, 0x000000008b600000, 0x000000008b600000|100%| O|  |TAMS 0x000000008b600000, 0x000000008b500000| Untracked 
|  92|0x000000008b600000, 0x000000008b700000, 0x000000008b700000|100%| O|  |TAMS 0x000000008b700000, 0x000000008b600000| Untracked 
|  93|0x000000008b700000, 0x000000008b800000, 0x000000008b800000|100%| O|  |TAMS 0x000000008b800000, 0x000000008b700000| Untracked 
|  94|0x000000008b800000, 0x000000008b900000, 0x000000008b900000|100%| O|  |TAMS 0x000000008b900000, 0x000000008b800000| Untracked 
|  95|0x000000008b900000, 0x000000008ba00000, 0x000000008ba00000|100%| O|  |TAMS 0x000000008ba00000, 0x000000008b900000| Untracked 
|  96|0x000000008ba00000, 0x000000008bb00000, 0x000000008bb00000|100%| O|  |TAMS 0x000000008ba7a400, 0x000000008ba00000| Untracked 
|  97|0x000000008bb00000, 0x000000008bb8f000, 0x000000008bc00000| 55%| O|  |TAMS 0x000000008bb00000, 0x000000008bb00000| Untracked 
|  98|0x000000008bc00000, 0x000000008bc00000, 0x000000008bd00000|  0%| F|  |TAMS 0x000000008bc00000, 0x000000008bc00000| Untracked 
|  99|0x000000008bd00000, 0x000000008bd00000, 0x000000008be00000|  0%| F|  |TAMS 0x000000008bd00000, 0x000000008bd00000| Untracked 
| 100|0x000000008be00000, 0x000000008be00000, 0x000000008bf00000|  0%| F|  |TAMS 0x000000008be00000, 0x000000008be00000| Untracked 
| 101|0x000000008bf00000, 0x000000008bf00000, 0x000000008c000000|  0%| F|  |TAMS 0x000000008bf00000, 0x000000008bf00000| Untracked 
| 102|0x000000008c000000, 0x000000008c000000, 0x000000008c100000|  0%| F|  |TAMS 0x000000008c000000, 0x000000008c000000| Untracked 
| 103|0x000000008c100000, 0x000000008c100000, 0x000000008c200000|  0%| F|  |TAMS 0x000000008c100000, 0x000000008c100000| Untracked 
| 104|0x000000008c200000, 0x000000008c200000, 0x000000008c300000|  0%| F|  |TAMS 0x000000008c200000, 0x000000008c200000| Untracked 
| 105|0x000000008c300000, 0x000000008c300000, 0x000000008c400000|  0%| F|  |TAMS 0x000000008c300000, 0x000000008c300000| Untracked 
| 106|0x000000008c400000, 0x000000008c400000, 0x000000008c500000|  0%| F|  |TAMS 0x000000008c400000, 0x000000008c400000| Untracked 
| 107|0x000000008c500000, 0x000000008c500000, 0x000000008c600000|  0%| F|  |TAMS 0x000000008c500000, 0x000000008c500000| Untracked 
| 108|0x000000008c600000, 0x000000008c600000, 0x000000008c700000|  0%| F|  |TAMS 0x000000008c600000, 0x000000008c600000| Untracked 
| 109|0x000000008c700000, 0x000000008c700000, 0x000000008c800000|  0%| F|  |TAMS 0x000000008c700000, 0x000000008c700000| Untracked 
| 110|0x000000008c800000, 0x000000008c800000, 0x000000008c900000|  0%| F|  |TAMS 0x000000008c800000, 0x000000008c800000| Untracked 
| 111|0x000000008c900000, 0x000000008c900000, 0x000000008ca00000|  0%| F|  |TAMS 0x000000008c900000, 0x000000008c900000| Untracked 
| 112|0x000000008ca00000, 0x000000008ca00000, 0x000000008cb00000|  0%| F|  |TAMS 0x000000008ca00000, 0x000000008ca00000| Untracked 
| 113|0x000000008cb00000, 0x000000008cb00000, 0x000000008cc00000|  0%| F|  |TAMS 0x000000008cb00000, 0x000000008cb00000| Untracked 
| 114|0x000000008cc00000, 0x000000008cc00000, 0x000000008cd00000|  0%| F|  |TAMS 0x000000008cc00000, 0x000000008cc00000| Untracked 
| 115|0x000000008cd00000, 0x000000008cd00000, 0x000000008ce00000|  0%| F|  |TAMS 0x000000008cd00000, 0x000000008cd00000| Untracked 
| 116|0x000000008ce00000, 0x000000008ce00000, 0x000000008cf00000|  0%| F|  |TAMS 0x000000008ce00000, 0x000000008ce00000| Untracked 
| 117|0x000000008cf00000, 0x000000008cf00000, 0x000000008d000000|  0%| F|  |TAMS 0x000000008cf00000, 0x000000008cf00000| Untracked 
| 118|0x000000008d000000, 0x000000008d000000, 0x000000008d100000|  0%| F|  |TAMS 0x000000008d000000, 0x000000008d000000| Untracked 
| 119|0x000000008d100000, 0x000000008d100000, 0x000000008d200000|  0%| F|  |TAMS 0x000000008d100000, 0x000000008d100000| Untracked 
| 120|0x000000008d200000, 0x000000008d200000, 0x000000008d300000|  0%| F|  |TAMS 0x000000008d200000, 0x000000008d200000| Untracked 
| 121|0x000000008d300000, 0x000000008d300000, 0x000000008d400000|  0%| F|  |TAMS 0x000000008d300000, 0x000000008d300000| Untracked 
| 122|0x000000008d400000, 0x000000008d400000, 0x000000008d500000|  0%| F|  |TAMS 0x000000008d400000, 0x000000008d400000| Untracked 
| 123|0x000000008d500000, 0x000000008d500000, 0x000000008d600000|  0%| F|  |TAMS 0x000000008d500000, 0x000000008d500000| Untracked 
| 124|0x000000008d600000, 0x000000008d600000, 0x000000008d700000|  0%| F|  |TAMS 0x000000008d600000, 0x000000008d600000| Untracked 
| 125|0x000000008d700000, 0x000000008d700000, 0x000000008d800000|  0%| F|  |TAMS 0x000000008d700000, 0x000000008d700000| Untracked 
| 126|0x000000008d800000, 0x000000008d800000, 0x000000008d900000|  0%| F|  |TAMS 0x000000008d800000, 0x000000008d800000| Untracked 
| 127|0x000000008d900000, 0x000000008d900000, 0x000000008da00000|  0%| F|  |TAMS 0x000000008d900000, 0x000000008d900000| Untracked 
| 128|0x000000008da00000, 0x000000008da00000, 0x000000008db00000|  0%| F|  |TAMS 0x000000008da00000, 0x000000008da00000| Untracked 
| 129|0x000000008db00000, 0x000000008db00000, 0x000000008dc00000|  0%| F|  |TAMS 0x000000008db00000, 0x000000008db00000| Untracked 
| 130|0x000000008dc00000, 0x000000008dc00000, 0x000000008dd00000|  0%| F|  |TAMS 0x000000008dc00000, 0x000000008dc00000| Untracked 
| 131|0x000000008dd00000, 0x000000008dd00000, 0x000000008de00000|  0%| F|  |TAMS 0x000000008dd00000, 0x000000008dd00000| Untracked 
| 132|0x000000008de00000, 0x000000008de00000, 0x000000008df00000|  0%| F|  |TAMS 0x000000008de00000, 0x000000008de00000| Untracked 
| 133|0x000000008df00000, 0x000000008df00000, 0x000000008e000000|  0%| F|  |TAMS 0x000000008df00000, 0x000000008df00000| Untracked 
| 134|0x000000008e000000, 0x000000008e000000, 0x000000008e100000|  0%| F|  |TAMS 0x000000008e000000, 0x000000008e000000| Untracked 
| 135|0x000000008e100000, 0x000000008e100000, 0x000000008e200000|  0%| F|  |TAMS 0x000000008e100000, 0x000000008e100000| Untracked 
| 136|0x000000008e200000, 0x000000008e200000, 0x000000008e300000|  0%| F|  |TAMS 0x000000008e200000, 0x000000008e200000| Untracked 
| 137|0x000000008e300000, 0x000000008e300000, 0x000000008e400000|  0%| F|  |TAMS 0x000000008e300000, 0x000000008e300000| Untracked 
| 138|0x000000008e400000, 0x000000008e400000, 0x000000008e500000|  0%| F|  |TAMS 0x000000008e400000, 0x000000008e400000| Untracked 
| 139|0x000000008e500000, 0x000000008e500000, 0x000000008e600000|  0%| F|  |TAMS 0x000000008e500000, 0x000000008e500000| Untracked 
| 140|0x000000008e600000, 0x000000008e600000, 0x000000008e700000|  0%| F|  |TAMS 0x000000008e600000, 0x000000008e600000| Untracked 
| 141|0x000000008e700000, 0x000000008e700000, 0x000000008e800000|  0%| F|  |TAMS 0x000000008e700000, 0x000000008e700000| Untracked 
| 142|0x000000008e800000, 0x000000008e800000, 0x000000008e900000|  0%| F|  |TAMS 0x000000008e800000, 0x000000008e800000| Untracked 
| 143|0x000000008e900000, 0x000000008e900000, 0x000000008ea00000|  0%| F|  |TAMS 0x000000008e900000, 0x000000008e900000| Untracked 
| 144|0x000000008ea00000, 0x000000008ea00000, 0x000000008eb00000|  0%| F|  |TAMS 0x000000008ea00000, 0x000000008ea00000| Untracked 
| 145|0x000000008eb00000, 0x000000008eb00000, 0x000000008ec00000|  0%| F|  |TAMS 0x000000008eb00000, 0x000000008eb00000| Untracked 
| 146|0x000000008ec00000, 0x000000008ec00000, 0x000000008ed00000|  0%| F|  |TAMS 0x000000008ec00000, 0x000000008ec00000| Untracked 
| 147|0x000000008ed00000, 0x000000008ed00000, 0x000000008ee00000|  0%| F|  |TAMS 0x000000008ed00000, 0x000000008ed00000| Untracked 
| 148|0x000000008ee00000, 0x000000008ee00000, 0x000000008ef00000|  0%| F|  |TAMS 0x000000008ee00000, 0x000000008ee00000| Untracked 
| 149|0x000000008ef00000, 0x000000008ef00000, 0x000000008f000000|  0%| F|  |TAMS 0x000000008ef00000, 0x000000008ef00000| Untracked 
| 150|0x000000008f000000, 0x000000008f000000, 0x000000008f100000|  0%| F|  |TAMS 0x000000008f000000, 0x000000008f000000| Untracked 
| 151|0x000000008f100000, 0x000000008f100000, 0x000000008f200000|  0%| F|  |TAMS 0x000000008f100000, 0x000000008f100000| Untracked 
| 152|0x000000008f200000, 0x000000008f200000, 0x000000008f300000|  0%| F|  |TAMS 0x000000008f200000, 0x000000008f200000| Untracked 
| 153|0x000000008f300000, 0x000000008f300000, 0x000000008f400000|  0%| F|  |TAMS 0x000000008f300000, 0x000000008f300000| Untracked 
| 154|0x000000008f400000, 0x000000008f400000, 0x000000008f500000|  0%| F|  |TAMS 0x000000008f400000, 0x000000008f400000| Untracked 
| 155|0x000000008f500000, 0x000000008f500000, 0x000000008f600000|  0%| F|  |TAMS 0x000000008f500000, 0x000000008f500000| Untracked 
| 156|0x000000008f600000, 0x000000008f600000, 0x000000008f700000|  0%| F|  |TAMS 0x000000008f600000, 0x000000008f600000| Untracked 
| 157|0x000000008f700000, 0x000000008f700000, 0x000000008f800000|  0%| F|  |TAMS 0x000000008f700000, 0x000000008f700000| Untracked 
| 158|0x000000008f800000, 0x000000008f800000, 0x000000008f900000|  0%| F|  |TAMS 0x000000008f800000, 0x000000008f800000| Untracked 
| 159|0x000000008f900000, 0x000000008f900000, 0x000000008fa00000|  0%| F|  |TAMS 0x000000008f900000, 0x000000008f900000| Untracked 
| 160|0x000000008fa00000, 0x000000008fa00000, 0x000000008fb00000|  0%| F|  |TAMS 0x000000008fa00000, 0x000000008fa00000| Untracked 
| 161|0x000000008fb00000, 0x000000008fb00000, 0x000000008fc00000|  0%| F|  |TAMS 0x000000008fb00000, 0x000000008fb00000| Untracked 
| 162|0x000000008fc00000, 0x000000008fc00000, 0x000000008fd00000|  0%| F|  |TAMS 0x000000008fc00000, 0x000000008fc00000| Untracked 
| 163|0x000000008fd00000, 0x000000008fd00000, 0x000000008fe00000|  0%| F|  |TAMS 0x000000008fd00000, 0x000000008fd00000| Untracked 
| 164|0x000000008fe00000, 0x000000008fe00000, 0x000000008ff00000|  0%| F|  |TAMS 0x000000008fe00000, 0x000000008fe00000| Untracked 
| 165|0x000000008ff00000, 0x000000008ff00000, 0x0000000090000000|  0%| F|  |TAMS 0x000000008ff00000, 0x000000008ff00000| Untracked 
| 166|0x0000000090000000, 0x0000000090000000, 0x0000000090100000|  0%| F|  |TAMS 0x0000000090000000, 0x0000000090000000| Untracked 
| 167|0x0000000090100000, 0x0000000090100000, 0x0000000090200000|  0%| F|  |TAMS 0x0000000090100000, 0x0000000090100000| Untracked 
| 168|0x0000000090200000, 0x0000000090200000, 0x0000000090300000|  0%| F|  |TAMS 0x0000000090200000, 0x0000000090200000| Untracked 
| 169|0x0000000090300000, 0x0000000090300000, 0x0000000090400000|  0%| F|  |TAMS 0x0000000090300000, 0x0000000090300000| Untracked 
| 170|0x0000000090400000, 0x0000000090400000, 0x0000000090500000|  0%| F|  |TAMS 0x0000000090400000, 0x0000000090400000| Untracked 
| 171|0x0000000090500000, 0x0000000090500000, 0x0000000090600000|  0%| F|  |TAMS 0x0000000090500000, 0x0000000090500000| Untracked 
| 172|0x0000000090600000, 0x0000000090600000, 0x0000000090700000|  0%| F|  |TAMS 0x0000000090600000, 0x0000000090600000| Untracked 
| 173|0x0000000090700000, 0x0000000090700000, 0x0000000090800000|  0%| F|  |TAMS 0x0000000090700000, 0x0000000090700000| Untracked 
| 174|0x0000000090800000, 0x0000000090800000, 0x0000000090900000|  0%| F|  |TAMS 0x0000000090800000, 0x0000000090800000| Untracked 
| 175|0x0000000090900000, 0x0000000090900000, 0x0000000090a00000|  0%| F|  |TAMS 0x0000000090900000, 0x0000000090900000| Untracked 
| 176|0x0000000090a00000, 0x0000000090a00000, 0x0000000090b00000|  0%| F|  |TAMS 0x0000000090a00000, 0x0000000090a00000| Untracked 
| 177|0x0000000090b00000, 0x0000000090b00000, 0x0000000090c00000|  0%| F|  |TAMS 0x0000000090b00000, 0x0000000090b00000| Untracked 
| 178|0x0000000090c00000, 0x0000000090c00000, 0x0000000090d00000|  0%| F|  |TAMS 0x0000000090c00000, 0x0000000090c00000| Untracked 
| 179|0x0000000090d00000, 0x0000000090d00000, 0x0000000090e00000|  0%| F|  |TAMS 0x0000000090d00000, 0x0000000090d00000| Untracked 
| 180|0x0000000090e00000, 0x0000000090e00000, 0x0000000090f00000|  0%| F|  |TAMS 0x0000000090e00000, 0x0000000090e00000| Untracked 
| 181|0x0000000090f00000, 0x0000000090f00000, 0x0000000091000000|  0%| F|  |TAMS 0x0000000090f00000, 0x0000000090f00000| Untracked 
| 182|0x0000000091000000, 0x0000000091000000, 0x0000000091100000|  0%| F|  |TAMS 0x0000000091000000, 0x0000000091000000| Untracked 
| 183|0x0000000091100000, 0x0000000091100000, 0x0000000091200000|  0%| F|  |TAMS 0x0000000091100000, 0x0000000091100000| Untracked 
| 184|0x0000000091200000, 0x0000000091200000, 0x0000000091300000|  0%| F|  |TAMS 0x0000000091200000, 0x0000000091200000| Untracked 
| 185|0x0000000091300000, 0x0000000091300000, 0x0000000091400000|  0%| F|  |TAMS 0x0000000091300000, 0x0000000091300000| Untracked 
| 186|0x0000000091400000, 0x0000000091400000, 0x0000000091500000|  0%| F|  |TAMS 0x0000000091400000, 0x0000000091400000| Untracked 
| 187|0x0000000091500000, 0x0000000091500000, 0x0000000091600000|  0%| F|  |TAMS 0x0000000091500000, 0x0000000091500000| Untracked 
| 188|0x0000000091600000, 0x0000000091600000, 0x0000000091700000|  0%| F|  |TAMS 0x0000000091600000, 0x0000000091600000| Untracked 
| 189|0x0000000091700000, 0x0000000091700000, 0x0000000091800000|  0%| F|  |TAMS 0x0000000091700000, 0x0000000091700000| Untracked 
| 190|0x0000000091800000, 0x0000000091800000, 0x0000000091900000|  0%| F|  |TAMS 0x0000000091800000, 0x0000000091800000| Untracked 
| 191|0x0000000091900000, 0x0000000091900000, 0x0000000091a00000|  0%| F|  |TAMS 0x0000000091900000, 0x0000000091900000| Untracked 
| 192|0x0000000091a00000, 0x0000000091a00000, 0x0000000091b00000|  0%| F|  |TAMS 0x0000000091a00000, 0x0000000091a00000| Untracked 
| 193|0x0000000091b00000, 0x0000000091b00000, 0x0000000091c00000|  0%| F|  |TAMS 0x0000000091b00000, 0x0000000091b00000| Untracked 
| 194|0x0000000091c00000, 0x0000000091c00000, 0x0000000091d00000|  0%| F|  |TAMS 0x0000000091c00000, 0x0000000091c00000| Untracked 
| 195|0x0000000091d00000, 0x0000000091d00000, 0x0000000091e00000|  0%| F|  |TAMS 0x0000000091d00000, 0x0000000091d00000| Untracked 
| 196|0x0000000091e00000, 0x0000000091e00000, 0x0000000091f00000|  0%| F|  |TAMS 0x0000000091e00000, 0x0000000091e00000| Untracked 
| 197|0x0000000091f00000, 0x0000000091f00000, 0x0000000092000000|  0%| F|  |TAMS 0x0000000091f00000, 0x0000000091f00000| Untracked 
| 198|0x0000000092000000, 0x0000000092000000, 0x0000000092100000|  0%| F|  |TAMS 0x0000000092000000, 0x0000000092000000| Untracked 
| 199|0x0000000092100000, 0x0000000092100000, 0x0000000092200000|  0%| F|  |TAMS 0x0000000092100000, 0x0000000092100000| Untracked 
| 200|0x0000000092200000, 0x0000000092200000, 0x0000000092300000|  0%| F|  |TAMS 0x0000000092200000, 0x0000000092200000| Untracked 
| 201|0x0000000092300000, 0x0000000092300000, 0x0000000092400000|  0%| F|  |TAMS 0x0000000092300000, 0x0000000092300000| Untracked 
| 202|0x0000000092400000, 0x0000000092400000, 0x0000000092500000|  0%| F|  |TAMS 0x0000000092400000, 0x0000000092400000| Untracked 
| 203|0x0000000092500000, 0x0000000092500000, 0x0000000092600000|  0%| F|  |TAMS 0x0000000092500000, 0x0000000092500000| Untracked 
| 204|0x0000000092600000, 0x0000000092600000, 0x0000000092700000|  0%| F|  |TAMS 0x0000000092600000, 0x0000000092600000| Untracked 
| 205|0x0000000092700000, 0x0000000092700000, 0x0000000092800000|  0%| F|  |TAMS 0x0000000092700000, 0x0000000092700000| Untracked 
| 206|0x0000000092800000, 0x0000000092800000, 0x0000000092900000|  0%| F|  |TAMS 0x0000000092800000, 0x0000000092800000| Untracked 
| 207|0x0000000092900000, 0x0000000092900000, 0x0000000092a00000|  0%| F|  |TAMS 0x0000000092900000, 0x0000000092900000| Untracked 
| 208|0x0000000092a00000, 0x0000000092a00000, 0x0000000092b00000|  0%| F|  |TAMS 0x0000000092a00000, 0x0000000092a00000| Untracked 
| 209|0x0000000092b00000, 0x0000000092b00000, 0x0000000092c00000|  0%| F|  |TAMS 0x0000000092b00000, 0x0000000092b00000| Untracked 
| 210|0x0000000092c00000, 0x0000000092c00000, 0x0000000092d00000|  0%| F|  |TAMS 0x0000000092c00000, 0x0000000092c00000| Untracked 
| 211|0x0000000092d00000, 0x0000000092d00000, 0x0000000092e00000|  0%| F|  |TAMS 0x0000000092d00000, 0x0000000092d00000| Untracked 
| 212|0x0000000092e00000, 0x0000000092e00000, 0x0000000092f00000|  0%| F|  |TAMS 0x0000000092e00000, 0x0000000092e00000| Untracked 
| 213|0x0000000092f00000, 0x0000000092f00000, 0x0000000093000000|  0%| F|  |TAMS 0x0000000092f00000, 0x0000000092f00000| Untracked 
| 214|0x0000000093000000, 0x0000000093000000, 0x0000000093100000|  0%| F|  |TAMS 0x0000000093000000, 0x0000000093000000| Untracked 
| 215|0x0000000093100000, 0x0000000093100000, 0x0000000093200000|  0%| F|  |TAMS 0x0000000093100000, 0x0000000093100000| Untracked 
| 216|0x0000000093200000, 0x0000000093200000, 0x0000000093300000|  0%| F|  |TAMS 0x0000000093200000, 0x0000000093200000| Untracked 
| 217|0x0000000093300000, 0x0000000093300000, 0x0000000093400000|  0%| F|  |TAMS 0x0000000093300000, 0x0000000093300000| Untracked 
| 218|0x0000000093400000, 0x0000000093400000, 0x0000000093500000|  0%| F|  |TAMS 0x0000000093400000, 0x0000000093400000| Untracked 
| 219|0x0000000093500000, 0x0000000093500000, 0x0000000093600000|  0%| F|  |TAMS 0x0000000093500000, 0x0000000093500000| Untracked 
| 220|0x0000000093600000, 0x0000000093600000, 0x0000000093700000|  0%| F|  |TAMS 0x0000000093600000, 0x0000000093600000| Untracked 
| 221|0x0000000093700000, 0x0000000093700000, 0x0000000093800000|  0%| F|  |TAMS 0x0000000093700000, 0x0000000093700000| Untracked 
| 222|0x0000000093800000, 0x0000000093800000, 0x0000000093900000|  0%| F|  |TAMS 0x0000000093800000, 0x0000000093800000| Untracked 
| 223|0x0000000093900000, 0x0000000093900000, 0x0000000093a00000|  0%| F|  |TAMS 0x0000000093900000, 0x0000000093900000| Untracked 
| 224|0x0000000093a00000, 0x0000000093a00000, 0x0000000093b00000|  0%| F|  |TAMS 0x0000000093a00000, 0x0000000093a00000| Untracked 
| 225|0x0000000093b00000, 0x0000000093b00000, 0x0000000093c00000|  0%| F|  |TAMS 0x0000000093b00000, 0x0000000093b00000| Untracked 
| 226|0x0000000093c00000, 0x0000000093c1b670, 0x0000000093d00000| 10%| S|CS|TAMS 0x0000000093c00000, 0x0000000093c00000| Complete 
| 227|0x0000000093d00000, 0x0000000093d00000, 0x0000000093e00000|  0%| F|  |TAMS 0x0000000093d00000, 0x0000000093d00000| Untracked 
| 228|0x0000000093e00000, 0x0000000093e00000, 0x0000000093f00000|  0%| F|  |TAMS 0x0000000093e00000, 0x0000000093e00000| Untracked 
| 229|0x0000000093f00000, 0x0000000093f00000, 0x0000000094000000|  0%| F|  |TAMS 0x0000000093f00000, 0x0000000093f00000| Untracked 
| 230|0x0000000094000000, 0x0000000094000000, 0x0000000094100000|  0%| F|  |TAMS 0x0000000094000000, 0x0000000094000000| Untracked 

Card table byte_map: [0x00000213c0520000,0x00000213c0900000] _byte_map_base: 0x00000213c00f3000

Marking Bits (Prev, Next): (CMBitMap*) 0x00000213b97d5a10, (CMBitMap*) 0x00000213b97d5a50
 Prev Bits: [0x00000213c0ce0000, 0x00000213c2b78000)
 Next Bits: [0x00000213c2b80000, 0x00000213c4a18000)

Polling page: 0x00000213b71e0000

Metaspace:

Usage:
  Non-class:     86.00 MB used.
      Class:     13.11 MB used.
       Both:     99.10 MB used.

Virtual space:
  Non-class space:      128.00 MB reserved,      86.38 MB ( 67%) committed,  2 nodes.
      Class space:        1.00 GB reserved,      13.44 MB (  1%) committed,  1 nodes.
             Both:        1.12 GB reserved,      99.81 MB (  9%) committed. 

Chunk freelists:
   Non-Class:  9.02 MB
       Class:  2.51 MB
        Both:  11.53 MB

MaxMetaspaceSize: unlimited
CompressedClassSpaceSize: 1.00 GB
Initial GC threshold: 21.00 MB
Current GC threshold: 165.25 MB
CDS: off
MetaspaceReclaimPolicy: balanced
 - commit_granule_bytes: 65536.
 - commit_granule_words: 8192.
 - virtual_space_node_default_size: 8388608.
 - enlarge_chunks_in_place: 1.
 - new_chunks_are_fully_committed: 0.
 - uncommit_free_chunks: 1.
 - use_allocation_guard: 0.
 - handle_deallocations: 1.


Internal statistics:

num_allocs_failed_limit: 9.
num_arena_births: 1678.
num_arena_deaths: 704.
num_vsnodes_births: 3.
num_vsnodes_deaths: 0.
num_space_committed: 1597.
num_space_uncommitted: 0.
num_chunks_returned_to_freelist: 946.
num_chunks_taken_from_freelist: 5707.
num_chunk_merges: 270.
num_chunk_splits: 3568.
num_chunks_enlarged: 2529.
num_inconsistent_stats: 0.

CodeCache: size=49152Kb used=27457Kb max_used=27457Kb free=21695Kb
 bounds [0x00000213bce10000, 0x00000213be900000, 0x00000213bfe10000]
 total_blobs=15716 nmethods=15000 adapters=639
 compilation: enabled
              stopped_count=0, restarted_count=0
 full_count=0

Compilation events (20 events):
Event: 56558.776 Thread 0x00000213c77b00b0 15198       1       org.springframework.cglib.core.AbstractClassGenerator::getCurrent (10 bytes)
Event: 56558.776 Thread 0x00000213ce9705c0 nmethod 15195 0x00000213be47e810 code [0x00000213be47ea00, 0x00000213be47ef58]
Event: 56558.776 Thread 0x00000213c77b00b0 nmethod 15198 0x00000213be47e490 code [0x00000213be47e620, 0x00000213be47e728]
Event: 56558.776 Thread 0x00000213ce9715b0 nmethod 15197 0x00000213be47df10 code [0x00000213be47e0c0, 0x00000213be47e388]
Event: 56558.788 Thread 0x00000213ce970070 15199       1       org.springframework.data.jpa.repository.query.PartTreeJpaQuery$QueryPreparer::<init> (67 bytes)
Event: 56558.788 Thread 0x00000213ce9705c0 15200       1       org.springframework.data.jpa.repository.query.ParameterMetadataProvider::<init> (9 bytes)
Event: 56558.788 Thread 0x00000213ce9705c0 nmethod 15200 0x00000213be47dc10 code [0x00000213be47dda0, 0x00000213be47de88]
Event: 56558.788 Thread 0x00000213ce9705c0 15201       1       org.springframework.data.jpa.repository.query.ParameterMetadataProvider::<init> (62 bytes)
Event: 56558.788 Thread 0x00000213ce9715b0 15202       1       org.springframework.data.jpa.repository.query.JpaQueryCreator::<init> (91 bytes)
Event: 56558.788 Thread 0x00000213ce9705c0 nmethod 15201 0x00000213be47d090 code [0x00000213be47d2a0, 0x00000213be47d938]
Event: 56558.788 Thread 0x00000213ce9705c0 15203       1       org.springframework.data.repository.query.parser.AbstractQueryCreator::<init> (9 bytes)
Event: 56558.789 Thread 0x00000213ce970070 nmethod 15199 0x00000213be47c110 code [0x00000213be47c360, 0x00000213be47cb98]
Event: 56558.789 Thread 0x00000213c77b00b0 15204       1       org.springframework.data.repository.query.parser.AbstractQueryCreator::<init> (27 bytes)
Event: 56558.789 Thread 0x00000213ce970070 15205       1       org.hibernate.query.sqm.tree.select.SqmSelectStatement::distinct (6 bytes)
Event: 56558.789 Thread 0x00000213ce970070 nmethod 15205 0x00000213be47bd10 code [0x00000213be47bec0, 0x00000213be47bfd8]
Event: 56558.789 Thread 0x00000213ce970070 15206       1       org.hibernate.query.sqm.tree.select.SqmSelectStatement::distinct (9 bytes)
Event: 56558.789 Thread 0x00000213c77b00b0 nmethod 15204 0x00000213be47b790 code [0x00000213be47b940, 0x00000213be47bc18]
Event: 56558.789 Thread 0x00000213ce970070 nmethod 15206 0x00000213be47b390 code [0x00000213be47b520, 0x00000213be47b628]
Event: 56558.789 Thread 0x00000213ce9705c0 nmethod 15203 0x00000213be47ae90 code [0x00000213be47b040, 0x00000213be47b288]
Event: 56558.789 Thread 0x00000213ce9715b0 nmethod 15202 0x00000213be47a490 code [0x00000213be47a680, 0x00000213be47ac78]

GC Heap History (20 events):
Event: 56462.519 GC heap after
{Heap after GC invocations=124 (full 2):
 garbage-first heap   total 191488K, used 76801K [0x0000000085a00000, 0x0000000100000000)
  region size 1024K, 7 young (7168K), 7 survivors (7168K)
 Metaspace       used 96243K, committed 96896K, reserved 1179648K
  class space    used 12946K, committed 13248K, reserved 1048576K
}
Event: 56462.740 GC heap before
{Heap before GC invocations=125 (full 2):
 garbage-first heap   total 191488K, used 156673K [0x0000000085a00000, 0x0000000100000000)
  region size 1024K, 85 young (87040K), 7 survivors (7168K)
 Metaspace       used 96666K, committed 97344K, reserved 1179648K
  class space    used 12971K, committed 13312K, reserved 1048576K
}
Event: 56462.746 GC heap after
{Heap after GC invocations=126 (full 2):
 garbage-first heap   total 191488K, used 79064K [0x0000000085a00000, 0x0000000100000000)
  region size 1024K, 9 young (9216K), 9 survivors (9216K)
 Metaspace       used 96666K, committed 97344K, reserved 1179648K
  class space    used 12971K, committed 13312K, reserved 1048576K
}
Event: 56506.048 GC heap before
{Heap before GC invocations=126 (full 2):
 garbage-first heap   total 191488K, used 156888K [0x0000000085a00000, 0x0000000100000000)
  region size 1024K, 86 young (88064K), 9 survivors (9216K)
 Metaspace       used 97210K, committed 97920K, reserved 1179648K
  class space    used 13040K, committed 13376K, reserved 1048576K
}
Event: 56506.102 GC heap after
{Heap after GC invocations=127 (full 2):
 garbage-first heap   total 191488K, used 82688K [0x0000000085a00000, 0x0000000100000000)
  region size 1024K, 9 young (9216K), 9 survivors (9216K)
 Metaspace       used 97210K, committed 97920K, reserved 1179648K
  class space    used 13040K, committed 13376K, reserved 1048576K
}
Event: 56507.564 GC heap before
{Heap before GC invocations=128 (full 2):
 garbage-first heap   total 191488K, used 156416K [0x0000000085a00000, 0x0000000100000000)
  region size 1024K, 82 young (83968K), 9 survivors (9216K)
 Metaspace       used 98611K, committed 99328K, reserved 1179648K
  class space    used 13166K, committed 13504K, reserved 1048576K
}
Event: 56507.581 GC heap after
{Heap after GC invocations=129 (full 2):
 garbage-first heap   total 191488K, used 87219K [0x0000000085a00000, 0x0000000100000000)
  region size 1024K, 9 young (9216K), 9 survivors (9216K)
 Metaspace       used 98611K, committed 99328K, reserved 1179648K
  class space    used 13166K, committed 13504K, reserved 1048576K
}
Event: 56507.591 GC heap before
{Heap before GC invocations=129 (full 2):
 garbage-first heap   total 191488K, used 89267K [0x0000000085a00000, 0x0000000100000000)
  region size 1024K, 10 young (10240K), 9 survivors (9216K)
 Metaspace       used 98611K, committed 99328K, reserved 1179648K
  class space    used 13166K, committed 13504K, reserved 1048576K
}
Event: 56507.606 GC heap after
{Heap after GC invocations=130 (full 2):
 garbage-first heap   total 236544K, used 88013K [0x0000000085a00000, 0x0000000100000000)
  region size 1024K, 2 young (2048K), 2 survivors (2048K)
 Metaspace       used 98611K, committed 99328K, reserved 1179648K
  class space    used 13166K, committed 13504K, reserved 1048576K
}
Event: 56548.170 GC heap before
{Heap before GC invocations=130 (full 2):
 garbage-first heap   total 236544K, used 191437K [0x0000000085a00000, 0x0000000100000000)
  region size 1024K, 103 young (105472K), 2 survivors (2048K)
 Metaspace       used 99129K, committed 99904K, reserved 1179648K
  class space    used 13236K, committed 13632K, reserved 1048576K
}
Event: 56548.193 GC heap after
{Heap after GC invocations=131 (full 2):
 garbage-first heap   total 236544K, used 91349K [0x0000000085a00000, 0x0000000100000000)
  region size 1024K, 5 young (5120K), 5 survivors (5120K)
 Metaspace       used 99129K, committed 99904K, reserved 1179648K
  class space    used 13236K, committed 13632K, reserved 1048576K
}
Event: 56558.132 GC heap before
{Heap before GC invocations=132 (full 2):
 garbage-first heap   total 236544K, used 193749K [0x0000000085a00000, 0x0000000100000000)
  region size 1024K, 104 young (106496K), 5 survivors (5120K)
 Metaspace       used 100135K, committed 100864K, reserved 1179648K
  class space    used 13301K, committed 13632K, reserved 1048576K
}
Event: 56558.147 GC heap after
{Heap after GC invocations=133 (full 2):
 garbage-first heap   total 236544K, used 97269K [0x0000000085a00000, 0x0000000100000000)
  region size 1024K, 11 young (11264K), 11 survivors (11264K)
 Metaspace       used 100135K, committed 100864K, reserved 1179648K
  class space    used 13301K, committed 13632K, reserved 1048576K
}
Event: 56558.149 GC heap before
{Heap before GC invocations=133 (full 2):
 garbage-first heap   total 236544K, used 98293K [0x0000000085a00000, 0x0000000100000000)
  region size 1024K, 12 young (12288K), 11 survivors (11264K)
 Metaspace       used 100135K, committed 100864K, reserved 1179648K
  class space    used 13301K, committed 13632K, reserved 1048576K
}
Event: 56558.225 GC heap after
{Heap after GC invocations=134 (full 2):
 garbage-first heap   total 236544K, used 94812K [0x0000000085a00000, 0x0000000100000000)
  region size 1024K, 1 young (1024K), 1 survivors (1024K)
 Metaspace       used 100135K, committed 100864K, reserved 1179648K
  class space    used 13301K, committed 13632K, reserved 1048576K
}
Event: 56558.451 GC heap before
{Heap before GC invocations=134 (full 2):
 garbage-first heap   total 236544K, used 192092K [0x0000000085a00000, 0x0000000100000000)
  region size 1024K, 96 young (98304K), 1 survivors (1024K)
 Metaspace       used 100794K, committed 101504K, reserved 1179648K
  class space    used 13376K, committed 13696K, reserved 1048576K
}
Event: 56558.453 GC heap after
{Heap after GC invocations=135 (full 2):
 garbage-first heap   total 236544K, used 95592K [0x0000000085a00000, 0x0000000100000000)
  region size 1024K, 2 young (2048K), 2 survivors (2048K)
 Metaspace       used 100794K, committed 101504K, reserved 1179648K
  class space    used 13376K, committed 13696K, reserved 1048576K
}
Event: 56558.806 GC heap before
{Heap before GC invocations=136 (full 2):
 garbage-first heap   total 236544K, used 191848K [0x0000000085a00000, 0x0000000100000000)
  region size 1024K, 99 young (101376K), 2 survivors (2048K)
 Metaspace       used 101479K, committed 102208K, reserved 1179648K
  class space    used 13420K, committed 13760K, reserved 1048576K
}
Event: 56558.814 GC heap after
{Heap after GC invocations=137 (full 2):
 garbage-first heap   total 236544K, used 97743K [0x0000000085a00000, 0x0000000100000000)
  region size 1024K, 7 young (7168K), 7 survivors (7168K)
 Metaspace       used 101479K, committed 102208K, reserved 1179648K
  class space    used 13420K, committed 13760K, reserved 1048576K
}
Event: 56558.819 GC heap before
{Heap before GC invocations=137 (full 2):
 garbage-first heap   total 236544K, used 101839K [0x0000000085a00000, 0x0000000100000000)
  region size 1024K, 11 young (11264K), 7 survivors (7168K)
 Metaspace       used 101479K, committed 102208K, reserved 1179648K
  class space    used 13420K, committed 13760K, reserved 1048576K
}

Dll operation events (9 events):
Event: 0.023 Loaded shared library C:\Colince\Executables\Java\sts-4.20.1.RELEASE\plugins\org.eclipse.justj.openjdk.hotspot.jre.full.win32.x86_64_17.0.8.v20230831-1047\jre\bin\java.dll
Event: 0.171 Loaded shared library C:\Colince\Executables\Java\sts-4.20.1.RELEASE\plugins\org.eclipse.justj.openjdk.hotspot.jre.full.win32.x86_64_17.0.8.v20230831-1047\jre\bin\jimage.dll
Event: 0.189 Loaded shared library C:\Colince\Executables\Java\sts-4.20.1.RELEASE\plugins\org.eclipse.justj.openjdk.hotspot.jre.full.win32.x86_64_17.0.8.v20230831-1047\jre\bin\net.dll
Event: 0.197 Loaded shared library C:\Colince\Executables\Java\sts-4.20.1.RELEASE\plugins\org.eclipse.justj.openjdk.hotspot.jre.full.win32.x86_64_17.0.8.v20230831-1047\jre\bin\nio.dll
Event: 0.204 Loaded shared library C:\Colince\Executables\Java\sts-4.20.1.RELEASE\plugins\org.eclipse.justj.openjdk.hotspot.jre.full.win32.x86_64_17.0.8.v20230831-1047\jre\bin\zip.dll
Event: 0.373 Loaded shared library C:\Colince\Executables\Java\sts-4.20.1.RELEASE\plugins\org.eclipse.justj.openjdk.hotspot.jre.full.win32.x86_64_17.0.8.v20230831-1047\jre\bin\management.dll
Event: 0.389 Loaded shared library C:\Colince\Executables\Java\sts-4.20.1.RELEASE\plugins\org.eclipse.justj.openjdk.hotspot.jre.full.win32.x86_64_17.0.8.v20230831-1047\jre\bin\management_ext.dll
Event: 1.995 Loaded shared library C:\Colince\Executables\Java\sts-4.20.1.RELEASE\plugins\org.eclipse.justj.openjdk.hotspot.jre.full.win32.x86_64_17.0.8.v20230831-1047\jre\bin\sunmscapi.dll
Event: 4.512 Loaded shared library C:\Colince\Executables\Java\sts-4.20.1.RELEASE\plugins\org.eclipse.justj.openjdk.hotspot.jre.full.win32.x86_64_17.0.8.v20230831-1047\jre\bin\verify.dll

Deoptimization events (18 events):
Event: 1.381 Thread 0x00000213ccac85c0 DEOPT PACKING pc=0x00000213bd3eb419 sp=0x00000041f9ffccd0
Event: 1.381 Thread 0x00000213ccac85c0 DEOPT UNPACKING pc=0x00000213bce67143 sp=0x00000041f9ffc1b0 mode 3
Event: 1.686 Thread 0x00000213ccac85c0 DEOPT PACKING pc=0x00000213bd45edd5 sp=0x00000041f9ffd2e0
Event: 1.686 Thread 0x00000213ccac85c0 DEOPT UNPACKING pc=0x00000213bce67143 sp=0x00000041f9ffc788 mode 3
Event: 3.694 Thread 0x00000213ccac85c0 DEOPT PACKING pc=0x00000213bd65b77d sp=0x00000041f9ffbca0
Event: 3.694 Thread 0x00000213ccac85c0 DEOPT UNPACKING pc=0x00000213bce67143 sp=0x00000041f9ffb208 mode 3
Event: 10.285 Thread 0x00000213ccac85c0 DEOPT PACKING pc=0x00000213bda3e474 sp=0x00000041f9ffc170
Event: 10.285 Thread 0x00000213ccac85c0 DEOPT UNPACKING pc=0x00000213bce67143 sp=0x00000041f9ffb5f8 mode 0
Event: 10.758 Thread 0x00000213ccac85c0 DEOPT PACKING pc=0x00000213bdbfbb44 sp=0x00000041f9ffccf0
Event: 10.758 Thread 0x00000213ccac85c0 DEOPT UNPACKING pc=0x00000213bce67143 sp=0x00000041f9ffc278 mode 0
Event: 10.913 Thread 0x00000213ccac85c0 DEOPT PACKING pc=0x00000213bd40be14 sp=0x00000041f9ffbea0
Event: 10.913 Thread 0x00000213ccac85c0 DEOPT UNPACKING pc=0x00000213bce67143 sp=0x00000041f9ffb3f8 mode 0
Event: 11.632 Thread 0x00000213ccac85c0 DEOPT PACKING pc=0x00000213bd402dc2 sp=0x00000041f9ffc350
Event: 11.632 Thread 0x00000213ccac85c0 DEOPT UNPACKING pc=0x00000213bce67143 sp=0x00000041f9ffb858 mode 3
Event: 12.906 Thread 0x00000213ccac85c0 DEOPT PACKING pc=0x00000213bdf9e499 sp=0x00000041f9ffc230
Event: 12.906 Thread 0x00000213ccac85c0 DEOPT UNPACKING pc=0x00000213bce67143 sp=0x00000041f9ffb710 mode 3
Event: 161.768 Thread 0x00000213ce62b3d0 DEOPT PACKING pc=0x00000213bcf5a9cc sp=0x00000041fb4fcb60
Event: 161.769 Thread 0x00000213ce62b3d0 DEOPT UNPACKING pc=0x00000213bce67143 sp=0x00000041fb4fc020 mode 0

Classes unloaded (20 events):
Event: 56448.033 Thread 0x00000213c7742de0 Unloading class 0x0000000100c9ac00 'jdk/internal/reflect/GeneratedMethodAccessor82'
Event: 56448.033 Thread 0x00000213c7742de0 Unloading class 0x0000000100c9a800 'jdk/internal/reflect/GeneratedMethodAccessor81'
Event: 56448.033 Thread 0x00000213c7742de0 Unloading class 0x0000000100c9a400 'jdk/internal/reflect/GeneratedMethodAccessor80'
Event: 56448.033 Thread 0x00000213c7742de0 Unloading class 0x0000000100c9a000 'jdk/internal/reflect/GeneratedMethodAccessor79'
Event: 56448.033 Thread 0x00000213c7742de0 Unloading class 0x0000000100c99c00 'jdk/internal/reflect/GeneratedMethodAccessor78'
Event: 56448.033 Thread 0x00000213c7742de0 Unloading class 0x0000000100c99800 'jdk/internal/reflect/GeneratedMethodAccessor77'
Event: 56448.033 Thread 0x00000213c7742de0 Unloading class 0x0000000100c99400 'jdk/internal/reflect/GeneratedMethodAccessor76'
Event: 56453.293 Thread 0x00000213c7742de0 Unloading class 0x0000000100b41c00 'jdk/internal/reflect/GeneratedSerializationConstructorAccessor114'
Event: 56453.293 Thread 0x00000213c7742de0 Unloading class 0x0000000100c93000 'jdk/internal/reflect/GeneratedSerializationConstructorAccessor113'
Event: 56453.293 Thread 0x00000213c7742de0 Unloading class 0x0000000100c93800 'jdk/internal/reflect/GeneratedSerializationConstructorAccessor112'
Event: 56453.293 Thread 0x00000213c7742de0 Unloading class 0x0000000100cb5c00 'jdk/internal/reflect/GeneratedSerializationConstructorAccessor108'
Event: 56548.566 Thread 0x00000213c7742de0 Unloading class 0x0000000100d05800 'jdk/internal/reflect/GeneratedSerializationConstructorAccessor123'
Event: 56548.566 Thread 0x00000213c7742de0 Unloading class 0x0000000100d04800 'jdk/internal/reflect/GeneratedSerializationConstructorAccessor122'
Event: 56548.566 Thread 0x00000213c7742de0 Unloading class 0x0000000100d04400 'jdk/internal/reflect/GeneratedSerializationConstructorAccessor121'
Event: 56548.566 Thread 0x00000213c7742de0 Unloading class 0x0000000100d04000 'jdk/internal/reflect/GeneratedSerializationConstructorAccessor120'
Event: 56548.566 Thread 0x00000213c7742de0 Unloading class 0x0000000100cf0000 'jdk/internal/reflect/GeneratedSerializationConstructorAccessor119'
Event: 56548.566 Thread 0x00000213c7742de0 Unloading class 0x0000000100ceac00 'jdk/internal/reflect/GeneratedSerializationConstructorAccessor118'
Event: 56548.566 Thread 0x00000213c7742de0 Unloading class 0x0000000100cea800 'jdk/internal/reflect/GeneratedSerializationConstructorAccessor117'
Event: 56548.567 Thread 0x00000213c7742de0 Unloading class 0x0000000100ce9000 'jdk/internal/reflect/GeneratedSerializationConstructorAccessor116'
Event: 56558.495 Thread 0x00000213c7742de0 Unloading class 0x0000000100d3b800 'org/apache/catalina/loader/JdbcLeakPrevention'

Classes redefined (0 events):
No events

Internal exceptions (20 events):
Event: 56514.376 Thread 0x00000213ce627c20 Exception <a 'java/lang/InterruptedException'{0x0000000092e00040}: sleep interrupted> (0x0000000092e00040) 
thrown [s\src\hotspot\share\prims\jvm.cpp, line 3070]
Event: 56514.380 Thread 0x00000213ce62bdf0 Exception <a 'java/lang/NoClassDefFoundError'{0x0000000092fb9700}: liquibase/exception/ChangeLogParseException> (0x0000000092fb9700) 
thrown [s\src\hotspot\share\classfile\systemDictionary.cpp, line 245]
Event: 56514.382 Thread 0x00000213ce62bdf0 Exception <a 'java/lang/reflect/InvocationTargetException'{0x0000000092e0d360}> (0x0000000092e0d360) 
thrown [s\src\hotspot\share\runtime\reflection.cpp, line 1121]
Event: 56546.580 Thread 0x00000213ce626cf0 Exception <a 'sun/nio/fs/WindowsException'{0x000000009016dcd0}> (0x000000009016dcd0) 
thrown [s\src\hotspot\share\prims\jni.cpp, line 516]
Event: 56546.814 Thread 0x00000213ce626cf0 Exception <a 'sun/nio/fs/WindowsException'{0x000000008ffebf48}> (0x000000008ffebf48) 
thrown [s\src\hotspot\share\prims\jni.cpp, line 516]
Event: 56548.209 Thread 0x00000213ce626cf0 Exception <a 'sun/nio/fs/WindowsException'{0x0000000094076920}> (0x0000000094076920) 
thrown [s\src\hotspot\share\prims\jni.cpp, line 516]
Event: 56549.084 Thread 0x00000213ce626cf0 Exception <a 'sun/nio/fs/WindowsException'{0x0000000093785af0}> (0x0000000093785af0) 
thrown [s\src\hotspot\share\prims\jni.cpp, line 516]
Event: 56549.356 Thread 0x00000213ce626cf0 Exception <a 'java/lang/NoClassDefFoundError'{0x00000000924ec9a0}: org/flywaydb/core/Flyway> (0x00000000924ec9a0) 
thrown [s\src\hotspot\share\oops\constantPool.cpp, line 835]
Event: 56549.356 Thread 0x00000213ce626cf0 Exception <a 'java/lang/NoClassDefFoundError'{0x00000000924ecff0}: liquibase/integration/spring/SpringLiquibase> (0x00000000924ecff0) 
thrown [s\src\hotspot\share\oops\constantPool.cpp, line 835]
Event: 56549.366 Thread 0x00000213ce626cf0 Exception <a 'java/lang/NoClassDefFoundError'{0x0000000092211588}: org/jooq/DSLContext> (0x0000000092211588) 
thrown [s\src\hotspot\share\oops\constantPool.cpp, line 835]
Event: 56549.367 Thread 0x00000213ce626cf0 Exception <a 'java/lang/NoClassDefFoundError'{0x000000009223ddf8}: org/springframework/batch/core/repository/JobRepository> (0x000000009223ddf8) 
thrown [s\src\hotspot\share\oops\constantPool.cpp, line 835]
Event: 56549.367 Thread 0x00000213ce626cf0 Exception <a 'java/lang/NoClassDefFoundError'{0x000000009223e440}: org/quartz/Scheduler> (0x000000009223e440) 
thrown [s\src\hotspot\share\oops\constantPool.cpp, line 835]
Event: 56549.367 Thread 0x00000213ce626cf0 Exception <a 'java/lang/NoClassDefFoundError'{0x000000009223eab0}: org/springframework/session/jdbc/JdbcIndexedSessionRepository> (0x000000009223eab0) 
thrown [s\src\hotspot\share\oops\constantPool.cpp, line 835]
Event: 56549.473 Thread 0x00000213ce626cf0 Exception <a 'sun/nio/fs/WindowsException'{0x00000000914f6f28}> (0x00000000914f6f28) 
thrown [s\src\hotspot\share\prims\jni.cpp, line 516]
Event: 56549.474 Thread 0x00000213ce626cf0 Exception <a 'sun/nio/fs/WindowsException'{0x00000000914f75e0}> (0x00000000914f75e0) 
thrown [s\src\hotspot\share\prims\jni.cpp, line 516]
Event: 56549.474 Thread 0x00000213ce626cf0 Exception <a 'sun/nio/fs/WindowsException'{0x00000000914f7d18}> (0x00000000914f7d18) 
thrown [s\src\hotspot\share\prims\jni.cpp, line 516]
Event: 56549.511 Thread 0x00000213ce626cf0 Exception <a 'java/io/FileNotFoundException'{0x0000000091347ec8}> (0x0000000091347ec8) 
thrown [s\src\hotspot\share\prims\jni.cpp, line 516]
Event: 56549.592 Thread 0x00000213ce626cf0 Exception <a 'java/io/FileNotFoundException'{0x0000000090fd1080}> (0x0000000090fd1080) 
thrown [s\src\hotspot\share\prims\jni.cpp, line 516]
Event: 56549.615 Thread 0x00000213ce626cf0 Exception <a 'sun/nio/fs/WindowsException'{0x0000000090afc7f8}> (0x0000000090afc7f8) 
thrown [s\src\hotspot\share\prims\jni.cpp, line 516]
Event: 56558.671 Thread 0x00000213ce626cf0 Exception <a 'sun/nio/fs/WindowsException'{0x000000009141e4f0}> (0x000000009141e4f0) 
thrown [s\src\hotspot\share\prims\jni.cpp, line 516]

VM Operations (20 events):
Event: 56548.194 Executing VM operation: G1CollectForAllocation done
Event: 56548.565 Executing VM operation: G1PauseRemark
Event: 56548.992 Executing VM operation: G1PauseRemark done
Event: 56549.020 Executing VM operation: G1PauseCleanup
Event: 56549.056 Executing VM operation: G1PauseCleanup done
Event: 56550.056 Executing VM operation: Cleanup
Event: 56550.056 Executing VM operation: Cleanup done
Event: 56558.132 Executing VM operation: G1CollectForAllocation
Event: 56558.147 Executing VM operation: G1CollectForAllocation done
Event: 56558.149 Executing VM operation: G1CollectForAllocation
Event: 56558.225 Executing VM operation: G1CollectForAllocation done
Event: 56558.451 Executing VM operation: G1CollectForAllocation
Event: 56558.454 Executing VM operation: G1CollectForAllocation done
Event: 56558.494 Executing VM operation: G1PauseRemark
Event: 56558.510 Executing VM operation: G1PauseRemark done
Event: 56558.531 Executing VM operation: G1PauseCleanup
Event: 56558.531 Executing VM operation: G1PauseCleanup done
Event: 56558.806 Executing VM operation: G1CollectForAllocation
Event: 56558.814 Executing VM operation: G1CollectForAllocation done
Event: 56558.819 Executing VM operation: G1CollectForAllocation

Events (20 events):
Event: 56514.377 Thread 0x00000213ce625dc0 Thread exited: 0x00000213ce625dc0
Event: 56514.377 Thread 0x00000213ce627c20 Thread exited: 0x00000213ce627c20
Event: 56514.377 Thread 0x00000213ce6253a0 Thread exited: 0x00000213ce6253a0
Event: 56514.382 Thread 0x00000213ce62bdf0 Thread exited: 0x00000213ce62bdf0
Event: 56514.383 Thread 0x00000213ce625dc0 Thread added: 0x00000213ce625dc0
Event: 56546.459 Thread 0x00000213ce626cf0 Thread added: 0x00000213ce626cf0
Event: 56547.573 Thread 0x00000213ce62bdf0 Thread added: 0x00000213ce62bdf0
Event: 56547.621 Thread 0x00000213ce62bdf0 Thread exited: 0x00000213ce62bdf0
Event: 56549.204 Thread 0x00000213cc7f4e10 Thread added: 0x00000213cc7f4e10
Event: 56549.204 Thread 0x00000213cc7f58b0 Thread added: 0x00000213cc7f58b0
Event: 56549.593 Thread 0x00000213ce627c20 Thread added: 0x00000213ce627c20
Event: 56549.594 Thread 0x00000213ce628130 Thread added: 0x00000213ce628130
Event: 56549.594 Thread 0x00000213ce629a80 Thread added: 0x00000213ce629a80
Event: 56556.759 Thread 0x00000213cc7f58b0 Thread exited: 0x00000213cc7f58b0
Event: 56556.759 Thread 0x00000213cc7f4e10 Thread exited: 0x00000213cc7f4e10
Event: 56557.203 Thread 0x00000213ce6253a0 Thread added: 0x00000213ce6253a0
Event: 56557.305 Thread 0x00000213ce628640 Thread added: 0x00000213ce628640
Event: 56558.411 Thread 0x00000213ce9715b0 Thread added: 0x00000213ce9715b0
Event: 56558.411 Thread 0x00000213ce9705c0 Thread added: 0x00000213ce9705c0
Event: 56558.412 Thread 0x00000213ce970070 Thread added: 0x00000213ce970070


Dynamic libraries:
0x00007ff6a9fc0000 - 0x00007ff6a9fce000 	C:\Colince\Executables\Java\sts-4.20.1.RELEASE\plugins\org.eclipse.justj.openjdk.hotspot.jre.full.win32.x86_64_17.0.8.v20230831-1047\jre\bin\javaw.exe
0x00007ff9708f0000 - 0x00007ff970b07000 	C:\Windows\SYSTEM32\ntdll.dll
0x00007ff96f5a0000 - 0x00007ff96f664000 	C:\Windows\System32\KERNEL32.DLL
0x00007ff96e180000 - 0x00007ff96e527000 	C:\Windows\System32\KERNELBASE.dll
0x00007ff96d9d0000 - 0x00007ff96db1c000 	C:\Windows\system32\hmpalert.dll
0x00007ff96ddd0000 - 0x00007ff96dee1000 	C:\Windows\System32\ucrtbase.dll
0x00007ff93f530000 - 0x00007ff93f547000 	C:\Colince\Executables\Java\sts-4.20.1.RELEASE\plugins\org.eclipse.justj.openjdk.hotspot.jre.full.win32.x86_64_17.0.8.v20230831-1047\jre\bin\jli.dll
0x00007ff96f190000 - 0x00007ff96f33e000 	C:\Windows\System32\USER32.dll
0x00007ff96e120000 - 0x00007ff96e146000 	C:\Windows\System32\win32u.dll
0x00007ff96f4f0000 - 0x00007ff96f519000 	C:\Windows\System32\GDI32.dll
0x00007ff96dcb0000 - 0x00007ff96ddc9000 	C:\Windows\System32\gdi32full.dll
0x00007ff96dc10000 - 0x00007ff96dcaa000 	C:\Windows\System32\msvcp_win.dll
0x00007ff943990000 - 0x00007ff9439a9000 	C:\Colince\Executables\Java\sts-4.20.1.RELEASE\plugins\org.eclipse.justj.openjdk.hotspot.jre.full.win32.x86_64_17.0.8.v20230831-1047\jre\bin\VCRUNTIME140.dll
0x00007ff953800000 - 0x00007ff953a93000 	C:\Windows\WinSxS\amd64_microsoft.windows.common-controls_6595b64144ccf1df_6.0.22621.3527_none_270e469b73872a76\COMCTL32.dll
0x00007ff96f0e0000 - 0x00007ff96f187000 	C:\Windows\System32\msvcrt.dll
0x00007ff970000000 - 0x00007ff970031000 	C:\Windows\System32\IMM32.DLL
0x00007ff93fc00000 - 0x00007ff93fc0c000 	C:\Colince\Executables\Java\sts-4.20.1.RELEASE\plugins\org.eclipse.justj.openjdk.hotspot.jre.full.win32.x86_64_17.0.8.v20230831-1047\jre\bin\vcruntime140_1.dll
0x00007ff91e940000 - 0x00007ff91e9d1000 	C:\Colince\Executables\Java\sts-4.20.1.RELEASE\plugins\org.eclipse.justj.openjdk.hotspot.jre.full.win32.x86_64_17.0.8.v20230831-1047\jre\bin\msvcp140.dll
0x00007ff8e0c40000 - 0x00007ff8e188c000 	C:\Colince\Executables\Java\sts-4.20.1.RELEASE\plugins\org.eclipse.justj.openjdk.hotspot.jre.full.win32.x86_64_17.0.8.v20230831-1047\jre\bin\server\jvm.dll
0x00007ff96e630000 - 0x00007ff96e6e2000 	C:\Windows\System32\ADVAPI32.dll
0x00007ff96f030000 - 0x00007ff96f0d8000 	C:\Windows\System32\sechost.dll
0x00007ff96e150000 - 0x00007ff96e178000 	C:\Windows\System32\bcrypt.dll
0x00007ff96f340000 - 0x00007ff96f455000 	C:\Windows\System32\RPCRT4.dll
0x00007ff94e070000 - 0x00007ff94e079000 	C:\Windows\SYSTEM32\WSOCK32.dll
0x00007ff96f520000 - 0x00007ff96f591000 	C:\Windows\System32\WS2_32.dll
0x00007ff967260000 - 0x00007ff96726a000 	C:\Windows\SYSTEM32\VERSION.dll
0x00007ff96d980000 - 0x00007ff96d9cd000 	C:\Windows\SYSTEM32\POWRPROF.dll
0x00007ff9676d0000 - 0x00007ff967704000 	C:\Windows\SYSTEM32\WINMM.dll
0x00007ff96d8b0000 - 0x00007ff96d8c3000 	C:\Windows\SYSTEM32\UMPDC.dll
0x00007ff96caa0000 - 0x00007ff96cab8000 	C:\Windows\SYSTEM32\kernel.appcore.dll
0x00007ff94f8b0000 - 0x00007ff94f8ba000 	C:\Colince\Executables\Java\sts-4.20.1.RELEASE\plugins\org.eclipse.justj.openjdk.hotspot.jre.full.win32.x86_64_17.0.8.v20230831-1047\jre\bin\jimage.dll
0x00007ff96b220000 - 0x00007ff96b452000 	C:\Windows\SYSTEM32\DBGHELP.DLL
0x00007ff9700f0000 - 0x00007ff970478000 	C:\Windows\System32\combase.dll
0x00007ff96e6f0000 - 0x00007ff96e7c7000 	C:\Windows\System32\OLEAUT32.dll
0x00007ff965800000 - 0x00007ff965832000 	C:\Windows\SYSTEM32\dbgcore.DLL
0x00007ff96e530000 - 0x00007ff96e5a9000 	C:\Windows\System32\bcryptPrimitives.dll
0x00007ff93f550000 - 0x00007ff93f575000 	C:\Colince\Executables\Java\sts-4.20.1.RELEASE\plugins\org.eclipse.justj.openjdk.hotspot.jre.full.win32.x86_64_17.0.8.v20230831-1047\jre\bin\java.dll
0x00007ff93f510000 - 0x00007ff93f528000 	C:\Colince\Executables\Java\sts-4.20.1.RELEASE\plugins\org.eclipse.justj.openjdk.hotspot.jre.full.win32.x86_64_17.0.8.v20230831-1047\jre\bin\zip.dll
0x00007ff96e7d0000 - 0x00007ff96f02c000 	C:\Windows\System32\SHELL32.dll
0x00007ff96b780000 - 0x00007ff96c076000 	C:\Windows\SYSTEM32\windows.storage.dll
0x00007ff96b640000 - 0x00007ff96b77e000 	C:\Windows\SYSTEM32\wintypes.dll
0x00007ff96fd40000 - 0x00007ff96fe35000 	C:\Windows\System32\SHCORE.dll
0x00007ff96f670000 - 0x00007ff96f6ce000 	C:\Windows\System32\shlwapi.dll
0x00007ff96db40000 - 0x00007ff96db61000 	C:\Windows\SYSTEM32\profapi.dll
0x00007ff93f4f0000 - 0x00007ff93f509000 	C:\Colince\Executables\Java\sts-4.20.1.RELEASE\plugins\org.eclipse.justj.openjdk.hotspot.jre.full.win32.x86_64_17.0.8.v20230831-1047\jre\bin\net.dll
0x00007ff969a00000 - 0x00007ff969b36000 	C:\Windows\SYSTEM32\WINHTTP.dll
0x00007ff96cf00000 - 0x00007ff96cf69000 	C:\Windows\system32\mswsock.dll
0x00007ff93f4d0000 - 0x00007ff93f4e5000 	C:\Colince\Executables\Java\sts-4.20.1.RELEASE\plugins\org.eclipse.justj.openjdk.hotspot.jre.full.win32.x86_64_17.0.8.v20230831-1047\jre\bin\nio.dll
0x00007ff93fbf0000 - 0x00007ff93fbf9000 	C:\Colince\Executables\Java\sts-4.20.1.RELEASE\plugins\org.eclipse.justj.openjdk.hotspot.jre.full.win32.x86_64_17.0.8.v20230831-1047\jre\bin\management.dll
0x00007ff93f640000 - 0x00007ff93f64b000 	C:\Colince\Executables\Java\sts-4.20.1.RELEASE\plugins\org.eclipse.justj.openjdk.hotspot.jre.full.win32.x86_64_17.0.8.v20230831-1047\jre\bin\management_ext.dll
0x00007ff9700e0000 - 0x00007ff9700e8000 	C:\Windows\System32\PSAPI.DLL
0x00007ff9480d0000 - 0x00007ff9480e7000 	C:\Windows\system32\napinsp.dll
0x00007ff9480b0000 - 0x00007ff9480cb000 	C:\Windows\system32\pnrpnsp.dll
0x00007ff96c300000 - 0x00007ff96c3f8000 	C:\Windows\SYSTEM32\DNSAPI.dll
0x00007ff96c2d0000 - 0x00007ff96c2fd000 	C:\Windows\SYSTEM32\IPHLPAPI.DLL
0x00007ff96fb50000 - 0x00007ff96fb59000 	C:\Windows\System32\NSI.dll
0x00007ff948090000 - 0x00007ff9480a1000 	C:\Windows\System32\winrnr.dll
0x00007ff948070000 - 0x00007ff948085000 	C:\Windows\system32\wshbth.dll
0x00007ff948040000 - 0x00007ff948067000 	C:\Windows\system32\nlansp_c.dll
0x00007ff968410000 - 0x00007ff96841a000 	C:\Windows\System32\rasadhlp.dll
0x00007ff969f20000 - 0x00007ff969fa3000 	C:\Windows\System32\fwpuclnt.dll
0x00007ff96d250000 - 0x00007ff96d26b000 	C:\Windows\SYSTEM32\CRYPTSP.dll
0x00007ff96ca00000 - 0x00007ff96ca35000 	C:\Windows\system32\rsaenh.dll
0x00007ff96cfa0000 - 0x00007ff96cfc8000 	C:\Windows\SYSTEM32\USERENV.dll
0x00007ff96d230000 - 0x00007ff96d23c000 	C:\Windows\SYSTEM32\CRYPTBASE.dll
0x00007ff969c00000 - 0x00007ff969c19000 	C:\Windows\SYSTEM32\dhcpcsvc6.DLL
0x00007ff969be0000 - 0x00007ff969bff000 	C:\Windows\SYSTEM32\dhcpcsvc.DLL
0x00007ff957a60000 - 0x00007ff957a6e000 	C:\Colince\Executables\Java\sts-4.20.1.RELEASE\plugins\org.eclipse.justj.openjdk.hotspot.jre.full.win32.x86_64_17.0.8.v20230831-1047\jre\bin\sunmscapi.dll
0x00007ff96dfb0000 - 0x00007ff96e118000 	C:\Windows\System32\CRYPT32.dll
0x00007ff96d370000 - 0x00007ff96d39e000 	C:\Windows\SYSTEM32\ncrypt.dll
0x00007ff96d330000 - 0x00007ff96d367000 	C:\Windows\SYSTEM32\NTASN1.dll
0x00007ff93fbe0000 - 0x00007ff93fbf0000 	C:\Colince\Executables\Java\sts-4.20.1.RELEASE\plugins\org.eclipse.justj.openjdk.hotspot.jre.full.win32.x86_64_17.0.8.v20230831-1047\jre\bin\verify.dll
0x00007ff943d40000 - 0x00007ff943d48000 	C:\Windows\system32\wshunix.dll

dbghelp: loaded successfully - version: 4.0.5 - missing functions: none
symbol engine: initialized successfully - sym options: 0x614 - pdb path: .;C:\Colince\Executables\Java\sts-4.20.1.RELEASE\plugins\org.eclipse.justj.openjdk.hotspot.jre.full.win32.x86_64_17.0.8.v20230831-1047\jre\bin;C:\Windows\SYSTEM32;C:\Windows\WinSxS\amd64_microsoft.windows.common-controls_6595b64144ccf1df_6.0.22621.3527_none_270e469b73872a76;C:\Colince\Executables\Java\sts-4.20.1.RELEASE\plugins\org.eclipse.justj.openjdk.hotspot.jre.full.win32.x86_64_17.0.8.v20230831-1047\jre\bin\server

VM Arguments:
jvm_args: -Dcom.sun.management.jmxremote -Dcom.sun.management.jmxremote.port=50083 -Dcom.sun.management.jmxremote.authenticate=false -Dcom.sun.management.jmxremote.ssl=false -Djava.rmi.server.hostname=localhost -Dspring.jmx.enabled=true -Dmanagement.endpoints.jmx.exposure.include=* -Dspring.application.admin.enabled=true -XX:TieredStopAtLevel=1 -Dspring.boot.project.name=ewrs -Dfile.encoding=UTF-8 -Dstdout.encoding=UTF-8 -Dstderr.encoding=UTF-8 -XX:+ShowCodeDetailsInExceptionMessages 
java_command: app.ewarehouse.EwarehouseApplication --spring.output.ansi.enabled=always
java_class_path (initial): C:\Users\Colince.temoi\Desktop\Home\CSM workspace\eWRS\ewrs\target\classes;C:\Users\Colince.temoi\M2_REPOSITORIES\M2_EWRS\org\json\json\20180130\json-20180130.jar;C:\Users\Colince.temoi\M2_REPOSITORIES\M2_EWRS\com\google\guava\guava\31.1-jre\guava-31.1-jre.jar;C:\Users\Colince.temoi\M2_REPOSITORIES\M2_EWRS\com\google\guava\failureaccess\1.0.1\failureaccess-1.0.1.jar;C:\Users\Colince.temoi\M2_REPOSITORIES\M2_EWRS\com\google\guava\listenablefuture\9999.0-empty-to-avoid-conflict-with-guava\listenablefuture-9999.0-empty-to-avoid-conflict-with-guava.jar;C:\Users\Colince.temoi\M2_REPOSITORIES\M2_EWRS\com\google\code\findbugs\jsr305\3.0.2\jsr305-3.0.2.jar;C:\Users\Colince.temoi\M2_REPOSITORIES\M2_EWRS\org\checkerframework\checker-qual\3.12.0\checker-qual-3.12.0.jar;C:\Users\Colince.temoi\M2_REPOSITORIES\M2_EWRS\com\google\errorprone\error_prone_annotations\2.11.0\error_prone_annotations-2.11.0.jar;C:\Users\Colince.temoi\M2_REPOSITORIES\M2_EWRS\com\google\j2objc\j2objc-annotations\1.3\j2objc-annotations-1.3.jar;C:\Users\Colince.temoi\M2_REPOSITORIES\M2_EWRS\com\vladmihalcea\hibernate-types-52\1.2.0\hibernate-types-52-1.2.0.jar;C:\Users\Colince.temoi\M2_REPOSITORIES\M2_EWRS\org\apache\commons\commons-text\1.9\commons-text-1.9.jar;C:\Users\Colince.temoi\M2_REPOSITORIES\M2_EWRS\org\apache\commons\commons-lang3\3.13.0\commons-lang3-3.13.0.jar;C:\Users\Colince.temoi\M2_REPOSITORIES\M2_EWRS\org\xhtmlrenderer\flying-saucer-pdf\9.1.22\flying-saucer-pdf-9.1.22.jar;C:\Users\Colince.temoi\M2_REPOSITORIES\M2_EWRS\com\lowagie\itext\2.1.7\itext-2.1.7.jar;C:\Users\Colince.temoi\M2_REPOSITORIES\M2_EWRS\org\bouncycastle\bcmail-jdk14\1.64\bcmail-jdk14-1.64.jar;C:\Users\Colince.temoi\M2_REPOSITORIES\M2_EWRS\org\bouncycastle\bcpkix-jdk14\1.64\bcpkix-jdk14-1.64.jar;C:\Users\Colince.temoi\M2_REPOSITORIES\M2_EWRS\org\bouncycastle\bctsp-jdk14\1.46\bctsp-jdk14-1.46.jar;C:\Users\Colince.temoi\M2_REPOSITORIES\M2_EWRS\org\bouncycastle\bcprov-jdk14\1.64\bcprov-jdk14-1.64.ja
Launcher Type: SUN_STANDARD

[Global flags]
     intx CICompilerCount                          = 4                                         {product} {ergonomic}
     uint ConcGCThreads                            = 3                                         {product} {ergonomic}
     uint G1ConcRefinementThreads                  = 10                                        {product} {ergonomic}
   size_t G1HeapRegionSize                         = 1048576                                   {product} {ergonomic}
    uintx GCDrainStackTargetSize                   = 64                                        {product} {ergonomic}
   size_t InitialHeapSize                          = 130023424                                 {product} {ergonomic}
     bool ManagementServer                         = true                                      {product} {command line}
   size_t MarkStackSize                            = 4194304                                   {product} {ergonomic}
   size_t MaxHeapSize                              = 2053111808                                {product} {ergonomic}
   size_t MaxNewSize                               = 1231028224                                {product} {ergonomic}
   size_t MinHeapDeltaBytes                        = 1048576                                   {product} {ergonomic}
   size_t MinHeapSize                              = 8388608                                   {product} {ergonomic}
    uintx NonProfiledCodeHeapSize                  = 0                                      {pd product} {ergonomic}
     bool ProfileInterpreter                       = false                                  {pd product} {command line}
    uintx ProfiledCodeHeapSize                     = 0                                      {pd product} {ergonomic}
     bool ShowCodeDetailsInExceptionMessages       = true                                   {manageable} {command line}
   size_t SoftMaxHeapSize                          = 2053111808                             {manageable} {ergonomic}
     intx TieredStopAtLevel                        = 1                                         {product} {command line}
     bool UseCompressedClassPointers               = true                           {product lp64_product} {ergonomic}
     bool UseCompressedOops                        = true                           {product lp64_product} {ergonomic}
     bool UseG1GC                                  = true                                      {product} {ergonomic}
     bool UseLargePagesIndividualAllocation        = false                                  {pd product} {ergonomic}

Logging:
Log output configuration:
 #0: stdout all=warning uptime,level,tags
 #1: stderr all=off uptime,level,tags

Environment Variables:
PATH=C:/Colince/Executables/Java/sts-4.20.1.RELEASE//plugins/org.eclipse.justj.openjdk.hotspot.jre.full.win32.x86_64_17.0.8.v20230831-1047/jre/bin/server;C:/Colince/Executables/Java/sts-4.20.1.RELEASE//plugins/org.eclipse.justj.openjdk.hotspot.jre.full.win32.x86_64_17.0.8.v20230831-1047/jre/bin;C:\Python312\Scripts\;C:\Python312\;C:\Program Files\Common Files\Oracle\Java\javapath;C:\Windows\system32;C:\Windows;C:\Windows\System32\Wbem;C:\Windows\System32\WindowsPowerShell\v1.0\;C:\Windows\System32\OpenSSH\;C:\Program Files\dotnet\;C:\Program Files\Docker\Docker\resources\bin;C:\ProgramData\DockerDesktop\version-bin;C:\Program Files\nodejs\;C:\ProgramData\chocolatey\bin;C:\Program Files\Git\cmd;C:\Program Files\MySQL\MySQL Shell 8.0\bin\;C:\Users\Colince.temoi\AppData\Local\Microsoft\WindowsApps;C:\Users\Colince.temoi\AppData\Local\Programs\Microsoft VS Code\bin;C:\MinGW\bin;C:\Users\Colince.temoi\AppData\Roaming\npm;C:\Program Files\Java\jdk-17\bin;;C:\Colince\Executables\Java\sts-4.20.1.RELEASE;
USERNAME=colince.temoi
OS=Windows_NT
PROCESSOR_IDENTIFIER=Intel64 Family 6 Model 154 Stepping 4, GenuineIntel
TMP=C:\Users\COLINC~1.TEM\AppData\Local\Temp
TEMP=C:\Users\COLINC~1.TEM\AppData\Local\Temp



---------------  S Y S T E M  ---------------

OS:
 Windows 11 , 64 bit Build 22621 (10.0.22621.3527)
OS uptime: 13 days 1:48 hours
Hyper-V role detected

CPU: total 12 (initial active 12) (6 cores per cpu, 2 threads per core) family 6 model 154 stepping 4 microcode 0x42c, cx8, cmov, fxsr, ht, mmx, 3dnowpref, sse, sse2, sse3, ssse3, sse4.1, sse4.2, popcnt, lzcnt, tsc, tscinvbit, avx, avx2, aes, erms, clmul, bmi1, bmi2, adx, sha, fma, vzeroupper, clflush, clflushopt, clwb, hv
Processor Information for processor 0
  Max Mhz: 1300, Current Mhz: 1300, Mhz Limit: 1300
Processor Information for processor 1
  Max Mhz: 1300, Current Mhz: 1300, Mhz Limit: 1300
Processor Information for processor 2
  Max Mhz: 1300, Current Mhz: 1300, Mhz Limit: 1300
Processor Information for processor 3
  Max Mhz: 1300, Current Mhz: 1300, Mhz Limit: 1300
Processor Information for processor 4
  Max Mhz: 1300, Current Mhz: 900, Mhz Limit: 897
Processor Information for processor 5
  Max Mhz: 1300, Current Mhz: 900, Mhz Limit: 897
Processor Information for processor 6
  Max Mhz: 1300, Current Mhz: 900, Mhz Limit: 897
Processor Information for processor 7
  Max Mhz: 1300, Current Mhz: 900, Mhz Limit: 897
Processor Information for processor 8
  Max Mhz: 1300, Current Mhz: 900, Mhz Limit: 897
Processor Information for processor 9
  Max Mhz: 1300, Current Mhz: 900, Mhz Limit: 897
Processor Information for processor 10
  Max Mhz: 1300, Current Mhz: 900, Mhz Limit: 897
Processor Information for processor 11
  Max Mhz: 1300, Current Mhz: 900, Mhz Limit: 897

Memory: 4k page, system-wide physical 7824M (414M free)
TotalPageFile size 31376M (AvailPageFile size 166M)
current process WorkingSet (physical memory assigned to process): 378M, peak: 410M
current process commit charge ("private bytes"): 488M, peak: 950M

vm_info: OpenJDK 64-Bit Server VM (17.0.8.1+1) for windows-amd64 JRE (17.0.8.1+1), built on Aug 23 2023 15:29:17 by "admin" with MS VC++ 16.7 (VS2019)

END.
